2020-10-14 02:04:40.343 [main] INFO  shop.management.ui.main.Main - Sistema de Gestão de Loja iniciado às 14-10-2020 02:04:40 da manhã
2020-10-14 02:05:40.137 [main] INFO  shop.management.ui.main.Main - Sistema de Gestão de Loja iniciado às 14-10-2020 02:05:40 da manhã
2020-10-14 02:06:02.393 [main] INFO  shop.management.ui.main.Main - Sistema de Gestão de Loja iniciado às 14-10-2020 02:06:02 da manhã
2020-10-14 02:20:39.829 [main] INFO  shop.management.ui.main.Main - Sistema de Gestão de Loja iniciado às 14-10-2020 02:20:39 da manhã
2020-10-14 02:22:13.766 [main] INFO  shop.management.ui.main.Main - Sistema de Gestão de Loja iniciado às 14-10-2020 02:22:13 da manhã
2020-10-14 02:22:19.279 [JavaFX Application Thread] ERROR shop.management.ui.login.LoginController - {}
javafx.fxml.LoadException: 
file:/C:/Users/Hugo/Documents/Shop-Management-JDK11/out/artifacts/Shop_Management_jar/Shop-Management.jar!/fxml/main/Main.fxml:28

	at javafx.fxml.FXMLLoader.constructLoadException(FXMLLoader.java:2625) ~[Shop-Management.jar:?]
	at javafx.fxml.FXMLLoader.loadImpl(FXMLLoader.java:2603) ~[Shop-Management.jar:?]
	at javafx.fxml.FXMLLoader.loadImpl(FXMLLoader.java:2466) ~[Shop-Management.jar:?]
	at javafx.fxml.FXMLLoader.loadImpl(FXMLLoader.java:3237) ~[Shop-Management.jar:?]
	at javafx.fxml.FXMLLoader.loadImpl(FXMLLoader.java:3194) ~[Shop-Management.jar:?]
	at javafx.fxml.FXMLLoader.loadImpl(FXMLLoader.java:3163) ~[Shop-Management.jar:?]
	at javafx.fxml.FXMLLoader.loadImpl(FXMLLoader.java:3136) ~[Shop-Management.jar:?]
	at javafx.fxml.FXMLLoader.loadImpl(FXMLLoader.java:3113) ~[Shop-Management.jar:?]
	at javafx.fxml.FXMLLoader.load(FXMLLoader.java:3106) ~[Shop-Management.jar:?]
	at shop.management.ui.login.LoginController.loadMain(LoginController.java:123) ~[Shop-Management.jar:?]
	at shop.management.ui.login.LoginController.handleLoginButtonAction(LoginController.java:69) ~[Shop-Management.jar:?]
	at jdk.internal.reflect.NativeMethodAccessorImpl.invoke0(Native Method) ~[?:?]
	at jdk.internal.reflect.NativeMethodAccessorImpl.invoke(NativeMethodAccessorImpl.java:62) ~[?:?]
	at jdk.internal.reflect.DelegatingMethodAccessorImpl.invoke(DelegatingMethodAccessorImpl.java:43) ~[?:?]
	at java.lang.reflect.Method.invoke(Method.java:566) ~[?:?]
	at com.sun.javafx.reflect.Trampoline.invoke(MethodUtil.java:76) ~[Shop-Management.jar:?]
	at jdk.internal.reflect.NativeMethodAccessorImpl.invoke0(Native Method) ~[?:?]
	at jdk.internal.reflect.NativeMethodAccessorImpl.invoke(NativeMethodAccessorImpl.java:62) ~[?:?]
	at jdk.internal.reflect.DelegatingMethodAccessorImpl.invoke(DelegatingMethodAccessorImpl.java:43) ~[?:?]
	at java.lang.reflect.Method.invoke(Method.java:566) ~[?:?]
	at com.sun.javafx.reflect.MethodUtil.invoke(MethodUtil.java:273) ~[Shop-Management.jar:?]
	at com.sun.javafx.fxml.MethodHelper.invoke(MethodHelper.java:83) ~[Shop-Management.jar:?]
	at javafx.fxml.FXMLLoader$MethodHandler.invoke(FXMLLoader.java:1782) ~[Shop-Management.jar:?]
	at javafx.fxml.FXMLLoader$ControllerMethodEventHandler.handle(FXMLLoader.java:1670) ~[Shop-Management.jar:?]
	at com.sun.javafx.event.CompositeEventHandler.dispatchBubblingEvent(CompositeEventHandler.java:86) ~[Shop-Management.jar:?]
	at com.sun.javafx.event.EventHandlerManager.dispatchBubblingEvent(EventHandlerManager.java:234) ~[Shop-Management.jar:?]
	at com.sun.javafx.event.EventHandlerManager.dispatchBubblingEvent(EventHandlerManager.java:191) ~[Shop-Management.jar:?]
	at com.sun.javafx.event.CompositeEventDispatcher.dispatchBubblingEvent(CompositeEventDispatcher.java:59) ~[Shop-Management.jar:?]
	at com.sun.javafx.event.BasicEventDispatcher.dispatchEvent(BasicEventDispatcher.java:58) ~[Shop-Management.jar:?]
	at com.sun.javafx.event.EventDispatchChainImpl.dispatchEvent(EventDispatchChainImpl.java:114) ~[Shop-Management.jar:?]
	at com.sun.javafx.event.BasicEventDispatcher.dispatchEvent(BasicEventDispatcher.java:56) ~[Shop-Management.jar:?]
	at com.sun.javafx.event.EventDispatchChainImpl.dispatchEvent(EventDispatchChainImpl.java:114) ~[Shop-Management.jar:?]
	at com.sun.javafx.event.BasicEventDispatcher.dispatchEvent(BasicEventDispatcher.java:56) ~[Shop-Management.jar:?]
	at com.sun.javafx.event.EventDispatchChainImpl.dispatchEvent(EventDispatchChainImpl.java:114) ~[Shop-Management.jar:?]
	at com.sun.javafx.event.EventUtil.fireEventImpl(EventUtil.java:74) ~[Shop-Management.jar:?]
	at com.sun.javafx.event.EventUtil.fireEvent(EventUtil.java:49) ~[Shop-Management.jar:?]
	at javafx.event.Event.fireEvent(Event.java:198) ~[Shop-Management.jar:?]
	at javafx.scene.Node.fireEvent(Node.java:8885) ~[Shop-Management.jar:?]
	at com.sun.javafx.scene.control.behavior.TextFieldBehavior.fire(TextFieldBehavior.java:185) ~[Shop-Management.jar:?]
	at com.sun.javafx.scene.control.behavior.TextInputControlBehavior.lambda$keyMapping$62(TextInputControlBehavior.java:333) ~[Shop-Management.jar:?]
	at com.sun.javafx.scene.control.inputmap.InputMap.handle(InputMap.java:274) ~[Shop-Management.jar:?]
	at com.sun.javafx.event.CompositeEventHandler$NormalEventHandlerRecord.handleBubblingEvent(CompositeEventHandler.java:247) ~[Shop-Management.jar:?]
	at com.sun.javafx.event.CompositeEventHandler.dispatchBubblingEvent(CompositeEventHandler.java:80) ~[Shop-Management.jar:?]
	at com.sun.javafx.event.EventHandlerManager.dispatchBubblingEvent(EventHandlerManager.java:234) ~[Shop-Management.jar:?]
	at com.sun.javafx.event.EventHandlerManager.dispatchBubblingEvent(EventHandlerManager.java:191) ~[Shop-Management.jar:?]
	at com.sun.javafx.event.CompositeEventDispatcher.dispatchBubblingEvent(CompositeEventDispatcher.java:59) ~[Shop-Management.jar:?]
	at com.sun.javafx.event.BasicEventDispatcher.dispatchEvent(BasicEventDispatcher.java:58) ~[Shop-Management.jar:?]
	at com.sun.javafx.event.EventDispatchChainImpl.dispatchEvent(EventDispatchChainImpl.java:114) ~[Shop-Management.jar:?]
	at com.sun.javafx.event.BasicEventDispatcher.dispatchEvent(BasicEventDispatcher.java:56) ~[Shop-Management.jar:?]
	at com.sun.javafx.event.EventDispatchChainImpl.dispatchEvent(EventDispatchChainImpl.java:114) ~[Shop-Management.jar:?]
	at com.sun.javafx.event.BasicEventDispatcher.dispatchEvent(BasicEventDispatcher.java:56) ~[Shop-Management.jar:?]
	at com.sun.javafx.event.EventDispatchChainImpl.dispatchEvent(EventDispatchChainImpl.java:114) ~[Shop-Management.jar:?]
	at com.sun.javafx.event.EventUtil.fireEventImpl(EventUtil.java:74) ~[Shop-Management.jar:?]
	at com.sun.javafx.event.EventUtil.fireEvent(EventUtil.java:54) ~[Shop-Management.jar:?]
	at javafx.event.Event.fireEvent(Event.java:198) ~[Shop-Management.jar:?]
	at javafx.scene.Scene$KeyHandler.process(Scene.java:4098) ~[Shop-Management.jar:?]
	at javafx.scene.Scene.processKeyEvent(Scene.java:2157) ~[Shop-Management.jar:?]
	at javafx.scene.Scene$ScenePeerListener.keyEvent(Scene.java:2625) ~[Shop-Management.jar:?]
	at com.sun.javafx.tk.quantum.GlassViewEventHandler$KeyEventNotification.run(GlassViewEventHandler.java:217) ~[Shop-Management.jar:?]
	at com.sun.javafx.tk.quantum.GlassViewEventHandler$KeyEventNotification.run(GlassViewEventHandler.java:149) ~[Shop-Management.jar:?]
	at java.security.AccessController.doPrivileged(Native Method) ~[?:?]
	at com.sun.javafx.tk.quantum.GlassViewEventHandler.lambda$handleKeyEvent$1(GlassViewEventHandler.java:248) ~[Shop-Management.jar:?]
	at com.sun.javafx.tk.quantum.QuantumToolkit.runWithoutRenderLock(QuantumToolkit.java:412) ~[Shop-Management.jar:?]
	at com.sun.javafx.tk.quantum.GlassViewEventHandler.handleKeyEvent(GlassViewEventHandler.java:247) ~[Shop-Management.jar:?]
	at com.sun.glass.ui.View.handleKeyEvent(View.java:547) ~[Shop-Management.jar:?]
	at com.sun.glass.ui.View.notifyKey(View.java:971) ~[Shop-Management.jar:?]
	at com.sun.glass.ui.win.WinApplication._runLoop(Native Method) ~[Shop-Management.jar:?]
	at com.sun.glass.ui.win.WinApplication.lambda$runLoop$3(WinApplication.java:174) ~[Shop-Management.jar:?]
	at java.lang.Thread.run(Thread.java:834) ~[?:?]
Caused by: java.lang.RuntimeException: java.lang.reflect.InvocationTargetException
	at com.sun.javafx.fxml.BeanAdapter.put(BeanAdapter.java:262) ~[Shop-Management.jar:?]
	at com.sun.javafx.fxml.BeanAdapter.put(BeanAdapter.java:54) ~[Shop-Management.jar:?]
	at javafx.fxml.FXMLLoader$Element.applyProperty(FXMLLoader.java:520) ~[Shop-Management.jar:?]
	at javafx.fxml.FXMLLoader$Element.processValue(FXMLLoader.java:370) ~[Shop-Management.jar:?]
	at javafx.fxml.FXMLLoader$Element.processPropertyAttribute(FXMLLoader.java:332) ~[Shop-Management.jar:?]
	at javafx.fxml.FXMLLoader$Element.processInstancePropertyAttributes(FXMLLoader.java:242) ~[Shop-Management.jar:?]
	at javafx.fxml.FXMLLoader$ValueElement.processEndElement(FXMLLoader.java:775) ~[Shop-Management.jar:?]
	at javafx.fxml.FXMLLoader.processEndElement(FXMLLoader.java:2838) ~[Shop-Management.jar:?]
	at javafx.fxml.FXMLLoader.loadImpl(FXMLLoader.java:2557) ~[Shop-Management.jar:?]
	... 67 more
Caused by: java.lang.reflect.InvocationTargetException
	at jdk.internal.reflect.NativeMethodAccessorImpl.invoke0(Native Method) ~[?:?]
	at jdk.internal.reflect.NativeMethodAccessorImpl.invoke(NativeMethodAccessorImpl.java:62) ~[?:?]
	at jdk.internal.reflect.DelegatingMethodAccessorImpl.invoke(DelegatingMethodAccessorImpl.java:43) ~[?:?]
	at java.lang.reflect.Method.invoke(Method.java:566) ~[?:?]
	at com.sun.javafx.fxml.ModuleHelper.invoke(ModuleHelper.java:100) ~[Shop-Management.jar:?]
	at com.sun.javafx.fxml.BeanAdapter.put(BeanAdapter.java:258) ~[Shop-Management.jar:?]
	at com.sun.javafx.fxml.BeanAdapter.put(BeanAdapter.java:54) ~[Shop-Management.jar:?]
	at javafx.fxml.FXMLLoader$Element.applyProperty(FXMLLoader.java:520) ~[Shop-Management.jar:?]
	at javafx.fxml.FXMLLoader$Element.processValue(FXMLLoader.java:370) ~[Shop-Management.jar:?]
	at javafx.fxml.FXMLLoader$Element.processPropertyAttribute(FXMLLoader.java:332) ~[Shop-Management.jar:?]
	at javafx.fxml.FXMLLoader$Element.processInstancePropertyAttributes(FXMLLoader.java:242) ~[Shop-Management.jar:?]
	at javafx.fxml.FXMLLoader$ValueElement.processEndElement(FXMLLoader.java:775) ~[Shop-Management.jar:?]
	at javafx.fxml.FXMLLoader.processEndElement(FXMLLoader.java:2838) ~[Shop-Management.jar:?]
	at javafx.fxml.FXMLLoader.loadImpl(FXMLLoader.java:2557) ~[Shop-Management.jar:?]
	... 67 more
Caused by: java.lang.UnsupportedOperationException: Cannot resolve 'icm-search'
	at org.kordamp.ikonli.javafx.IkonResolver.resolveIkonHandler(IkonResolver.java:62) ~[Shop-Management.jar:?]
	at org.kordamp.ikonli.javafx.FontIcon.setIconLiteral(FontIcon.java:239) ~[Shop-Management.jar:?]
	at jdk.internal.reflect.NativeMethodAccessorImpl.invoke0(Native Method) ~[?:?]
	at jdk.internal.reflect.NativeMethodAccessorImpl.invoke(NativeMethodAccessorImpl.java:62) ~[?:?]
	at jdk.internal.reflect.DelegatingMethodAccessorImpl.invoke(DelegatingMethodAccessorImpl.java:43) ~[?:?]
	at java.lang.reflect.Method.invoke(Method.java:566) ~[?:?]
	at com.sun.javafx.fxml.ModuleHelper.invoke(ModuleHelper.java:100) ~[Shop-Management.jar:?]
	at com.sun.javafx.fxml.BeanAdapter.put(BeanAdapter.java:258) ~[Shop-Management.jar:?]
	at com.sun.javafx.fxml.BeanAdapter.put(BeanAdapter.java:54) ~[Shop-Management.jar:?]
	at javafx.fxml.FXMLLoader$Element.applyProperty(FXMLLoader.java:520) ~[Shop-Management.jar:?]
	at javafx.fxml.FXMLLoader$Element.processValue(FXMLLoader.java:370) ~[Shop-Management.jar:?]
	at javafx.fxml.FXMLLoader$Element.processPropertyAttribute(FXMLLoader.java:332) ~[Shop-Management.jar:?]
	at javafx.fxml.FXMLLoader$Element.processInstancePropertyAttributes(FXMLLoader.java:242) ~[Shop-Management.jar:?]
	at javafx.fxml.FXMLLoader$ValueElement.processEndElement(FXMLLoader.java:775) ~[Shop-Management.jar:?]
	at javafx.fxml.FXMLLoader.processEndElement(FXMLLoader.java:2838) ~[Shop-Management.jar:?]
	at javafx.fxml.FXMLLoader.loadImpl(FXMLLoader.java:2557) ~[Shop-Management.jar:?]
	... 67 more
2020-10-14 02:22:19.293 [JavaFX Application Thread] INFO  shop.management.ui.login.LoginController - Sessão iniciada com sucesso com o utilizador: admin
2020-10-14 02:22:19.306 [Thread-5] INFO  shop.management.ui.main.Main - Sistema de Gestão de Loja fechado às 14-10-2020 02:22:13 da manhã. Usado por 1602638539306 ms
2020-10-14 02:23:06.417 [main] INFO  shop.management.ui.main.Main - Sistema de Gestão de Loja iniciado às 14-10-2020 02:23:06 da manhã
2020-10-14 02:23:09.413 [JavaFX Application Thread] ERROR shop.management.ui.login.LoginController - {}
javafx.fxml.LoadException: 
file:/C:/Users/Hugo/Documents/Shop-Management-JDK11/out/artifacts/Shop_Management_jar/Shop-Management.jar!/fxml/main/Main.fxml:28

	at javafx.fxml.FXMLLoader.constructLoadException(FXMLLoader.java:2625) ~[Shop-Management.jar:?]
	at javafx.fxml.FXMLLoader.loadImpl(FXMLLoader.java:2603) ~[Shop-Management.jar:?]
	at javafx.fxml.FXMLLoader.loadImpl(FXMLLoader.java:2466) ~[Shop-Management.jar:?]
	at javafx.fxml.FXMLLoader.loadImpl(FXMLLoader.java:3237) ~[Shop-Management.jar:?]
	at javafx.fxml.FXMLLoader.loadImpl(FXMLLoader.java:3194) ~[Shop-Management.jar:?]
	at javafx.fxml.FXMLLoader.loadImpl(FXMLLoader.java:3163) ~[Shop-Management.jar:?]
	at javafx.fxml.FXMLLoader.loadImpl(FXMLLoader.java:3136) ~[Shop-Management.jar:?]
	at javafx.fxml.FXMLLoader.loadImpl(FXMLLoader.java:3113) ~[Shop-Management.jar:?]
	at javafx.fxml.FXMLLoader.load(FXMLLoader.java:3106) ~[Shop-Management.jar:?]
	at shop.management.ui.login.LoginController.loadMain(LoginController.java:123) ~[Shop-Management.jar:?]
	at shop.management.ui.login.LoginController.handleLoginButtonAction(LoginController.java:69) ~[Shop-Management.jar:?]
	at jdk.internal.reflect.NativeMethodAccessorImpl.invoke0(Native Method) ~[?:?]
	at jdk.internal.reflect.NativeMethodAccessorImpl.invoke(NativeMethodAccessorImpl.java:62) ~[?:?]
	at jdk.internal.reflect.DelegatingMethodAccessorImpl.invoke(DelegatingMethodAccessorImpl.java:43) ~[?:?]
	at java.lang.reflect.Method.invoke(Method.java:566) ~[?:?]
	at com.sun.javafx.reflect.Trampoline.invoke(MethodUtil.java:76) ~[Shop-Management.jar:?]
	at jdk.internal.reflect.NativeMethodAccessorImpl.invoke0(Native Method) ~[?:?]
	at jdk.internal.reflect.NativeMethodAccessorImpl.invoke(NativeMethodAccessorImpl.java:62) ~[?:?]
	at jdk.internal.reflect.DelegatingMethodAccessorImpl.invoke(DelegatingMethodAccessorImpl.java:43) ~[?:?]
	at java.lang.reflect.Method.invoke(Method.java:566) ~[?:?]
	at com.sun.javafx.reflect.MethodUtil.invoke(MethodUtil.java:273) ~[Shop-Management.jar:?]
	at com.sun.javafx.fxml.MethodHelper.invoke(MethodHelper.java:83) ~[Shop-Management.jar:?]
	at javafx.fxml.FXMLLoader$MethodHandler.invoke(FXMLLoader.java:1782) ~[Shop-Management.jar:?]
	at javafx.fxml.FXMLLoader$ControllerMethodEventHandler.handle(FXMLLoader.java:1670) ~[Shop-Management.jar:?]
	at com.sun.javafx.event.CompositeEventHandler.dispatchBubblingEvent(CompositeEventHandler.java:86) ~[Shop-Management.jar:?]
	at com.sun.javafx.event.EventHandlerManager.dispatchBubblingEvent(EventHandlerManager.java:234) ~[Shop-Management.jar:?]
	at com.sun.javafx.event.EventHandlerManager.dispatchBubblingEvent(EventHandlerManager.java:191) ~[Shop-Management.jar:?]
	at com.sun.javafx.event.CompositeEventDispatcher.dispatchBubblingEvent(CompositeEventDispatcher.java:59) ~[Shop-Management.jar:?]
	at com.sun.javafx.event.BasicEventDispatcher.dispatchEvent(BasicEventDispatcher.java:58) ~[Shop-Management.jar:?]
	at com.sun.javafx.event.EventDispatchChainImpl.dispatchEvent(EventDispatchChainImpl.java:114) ~[Shop-Management.jar:?]
	at com.sun.javafx.event.BasicEventDispatcher.dispatchEvent(BasicEventDispatcher.java:56) ~[Shop-Management.jar:?]
	at com.sun.javafx.event.EventDispatchChainImpl.dispatchEvent(EventDispatchChainImpl.java:114) ~[Shop-Management.jar:?]
	at com.sun.javafx.event.BasicEventDispatcher.dispatchEvent(BasicEventDispatcher.java:56) ~[Shop-Management.jar:?]
	at com.sun.javafx.event.EventDispatchChainImpl.dispatchEvent(EventDispatchChainImpl.java:114) ~[Shop-Management.jar:?]
	at com.sun.javafx.event.EventUtil.fireEventImpl(EventUtil.java:74) ~[Shop-Management.jar:?]
	at com.sun.javafx.event.EventUtil.fireEvent(EventUtil.java:49) ~[Shop-Management.jar:?]
	at javafx.event.Event.fireEvent(Event.java:198) ~[Shop-Management.jar:?]
	at javafx.scene.Node.fireEvent(Node.java:8885) ~[Shop-Management.jar:?]
	at com.sun.javafx.scene.control.behavior.TextFieldBehavior.fire(TextFieldBehavior.java:185) ~[Shop-Management.jar:?]
	at com.sun.javafx.scene.control.behavior.TextInputControlBehavior.lambda$keyMapping$62(TextInputControlBehavior.java:333) ~[Shop-Management.jar:?]
	at com.sun.javafx.scene.control.inputmap.InputMap.handle(InputMap.java:274) ~[Shop-Management.jar:?]
	at com.sun.javafx.event.CompositeEventHandler$NormalEventHandlerRecord.handleBubblingEvent(CompositeEventHandler.java:247) ~[Shop-Management.jar:?]
	at com.sun.javafx.event.CompositeEventHandler.dispatchBubblingEvent(CompositeEventHandler.java:80) ~[Shop-Management.jar:?]
	at com.sun.javafx.event.EventHandlerManager.dispatchBubblingEvent(EventHandlerManager.java:234) ~[Shop-Management.jar:?]
	at com.sun.javafx.event.EventHandlerManager.dispatchBubblingEvent(EventHandlerManager.java:191) ~[Shop-Management.jar:?]
	at com.sun.javafx.event.CompositeEventDispatcher.dispatchBubblingEvent(CompositeEventDispatcher.java:59) ~[Shop-Management.jar:?]
	at com.sun.javafx.event.BasicEventDispatcher.dispatchEvent(BasicEventDispatcher.java:58) ~[Shop-Management.jar:?]
	at com.sun.javafx.event.EventDispatchChainImpl.dispatchEvent(EventDispatchChainImpl.java:114) ~[Shop-Management.jar:?]
	at com.sun.javafx.event.BasicEventDispatcher.dispatchEvent(BasicEventDispatcher.java:56) ~[Shop-Management.jar:?]
	at com.sun.javafx.event.EventDispatchChainImpl.dispatchEvent(EventDispatchChainImpl.java:114) ~[Shop-Management.jar:?]
	at com.sun.javafx.event.BasicEventDispatcher.dispatchEvent(BasicEventDispatcher.java:56) ~[Shop-Management.jar:?]
	at com.sun.javafx.event.EventDispatchChainImpl.dispatchEvent(EventDispatchChainImpl.java:114) ~[Shop-Management.jar:?]
	at com.sun.javafx.event.EventUtil.fireEventImpl(EventUtil.java:74) ~[Shop-Management.jar:?]
	at com.sun.javafx.event.EventUtil.fireEvent(EventUtil.java:54) ~[Shop-Management.jar:?]
	at javafx.event.Event.fireEvent(Event.java:198) ~[Shop-Management.jar:?]
	at javafx.scene.Scene$KeyHandler.process(Scene.java:4098) ~[Shop-Management.jar:?]
	at javafx.scene.Scene.processKeyEvent(Scene.java:2157) ~[Shop-Management.jar:?]
	at javafx.scene.Scene$ScenePeerListener.keyEvent(Scene.java:2625) ~[Shop-Management.jar:?]
	at com.sun.javafx.tk.quantum.GlassViewEventHandler$KeyEventNotification.run(GlassViewEventHandler.java:217) ~[Shop-Management.jar:?]
	at com.sun.javafx.tk.quantum.GlassViewEventHandler$KeyEventNotification.run(GlassViewEventHandler.java:149) ~[Shop-Management.jar:?]
	at java.security.AccessController.doPrivileged(Native Method) ~[?:?]
	at com.sun.javafx.tk.quantum.GlassViewEventHandler.lambda$handleKeyEvent$1(GlassViewEventHandler.java:248) ~[Shop-Management.jar:?]
	at com.sun.javafx.tk.quantum.QuantumToolkit.runWithoutRenderLock(QuantumToolkit.java:412) ~[Shop-Management.jar:?]
	at com.sun.javafx.tk.quantum.GlassViewEventHandler.handleKeyEvent(GlassViewEventHandler.java:247) ~[Shop-Management.jar:?]
	at com.sun.glass.ui.View.handleKeyEvent(View.java:547) ~[Shop-Management.jar:?]
	at com.sun.glass.ui.View.notifyKey(View.java:971) ~[Shop-Management.jar:?]
	at com.sun.glass.ui.win.WinApplication._runLoop(Native Method) ~[Shop-Management.jar:?]
	at com.sun.glass.ui.win.WinApplication.lambda$runLoop$3(WinApplication.java:174) ~[Shop-Management.jar:?]
	at java.lang.Thread.run(Thread.java:834) ~[?:?]
Caused by: java.lang.RuntimeException: java.lang.reflect.InvocationTargetException
	at com.sun.javafx.fxml.BeanAdapter.put(BeanAdapter.java:262) ~[Shop-Management.jar:?]
	at com.sun.javafx.fxml.BeanAdapter.put(BeanAdapter.java:54) ~[Shop-Management.jar:?]
	at javafx.fxml.FXMLLoader$Element.applyProperty(FXMLLoader.java:520) ~[Shop-Management.jar:?]
	at javafx.fxml.FXMLLoader$Element.processValue(FXMLLoader.java:370) ~[Shop-Management.jar:?]
	at javafx.fxml.FXMLLoader$Element.processPropertyAttribute(FXMLLoader.java:332) ~[Shop-Management.jar:?]
	at javafx.fxml.FXMLLoader$Element.processInstancePropertyAttributes(FXMLLoader.java:242) ~[Shop-Management.jar:?]
	at javafx.fxml.FXMLLoader$ValueElement.processEndElement(FXMLLoader.java:775) ~[Shop-Management.jar:?]
	at javafx.fxml.FXMLLoader.processEndElement(FXMLLoader.java:2838) ~[Shop-Management.jar:?]
	at javafx.fxml.FXMLLoader.loadImpl(FXMLLoader.java:2557) ~[Shop-Management.jar:?]
	... 67 more
Caused by: java.lang.reflect.InvocationTargetException
	at jdk.internal.reflect.NativeMethodAccessorImpl.invoke0(Native Method) ~[?:?]
	at jdk.internal.reflect.NativeMethodAccessorImpl.invoke(NativeMethodAccessorImpl.java:62) ~[?:?]
	at jdk.internal.reflect.DelegatingMethodAccessorImpl.invoke(DelegatingMethodAccessorImpl.java:43) ~[?:?]
	at java.lang.reflect.Method.invoke(Method.java:566) ~[?:?]
	at com.sun.javafx.fxml.ModuleHelper.invoke(ModuleHelper.java:100) ~[Shop-Management.jar:?]
	at com.sun.javafx.fxml.BeanAdapter.put(BeanAdapter.java:258) ~[Shop-Management.jar:?]
	at com.sun.javafx.fxml.BeanAdapter.put(BeanAdapter.java:54) ~[Shop-Management.jar:?]
	at javafx.fxml.FXMLLoader$Element.applyProperty(FXMLLoader.java:520) ~[Shop-Management.jar:?]
	at javafx.fxml.FXMLLoader$Element.processValue(FXMLLoader.java:370) ~[Shop-Management.jar:?]
	at javafx.fxml.FXMLLoader$Element.processPropertyAttribute(FXMLLoader.java:332) ~[Shop-Management.jar:?]
	at javafx.fxml.FXMLLoader$Element.processInstancePropertyAttributes(FXMLLoader.java:242) ~[Shop-Management.jar:?]
	at javafx.fxml.FXMLLoader$ValueElement.processEndElement(FXMLLoader.java:775) ~[Shop-Management.jar:?]
	at javafx.fxml.FXMLLoader.processEndElement(FXMLLoader.java:2838) ~[Shop-Management.jar:?]
	at javafx.fxml.FXMLLoader.loadImpl(FXMLLoader.java:2557) ~[Shop-Management.jar:?]
	... 67 more
Caused by: java.lang.UnsupportedOperationException: Cannot resolve 'icm-search'
	at org.kordamp.ikonli.javafx.IkonResolver.resolveIkonHandler(IkonResolver.java:62) ~[Shop-Management.jar:?]
	at org.kordamp.ikonli.javafx.FontIcon.setIconLiteral(FontIcon.java:239) ~[Shop-Management.jar:?]
	at jdk.internal.reflect.NativeMethodAccessorImpl.invoke0(Native Method) ~[?:?]
	at jdk.internal.reflect.NativeMethodAccessorImpl.invoke(NativeMethodAccessorImpl.java:62) ~[?:?]
	at jdk.internal.reflect.DelegatingMethodAccessorImpl.invoke(DelegatingMethodAccessorImpl.java:43) ~[?:?]
	at java.lang.reflect.Method.invoke(Method.java:566) ~[?:?]
	at com.sun.javafx.fxml.ModuleHelper.invoke(ModuleHelper.java:100) ~[Shop-Management.jar:?]
	at com.sun.javafx.fxml.BeanAdapter.put(BeanAdapter.java:258) ~[Shop-Management.jar:?]
	at com.sun.javafx.fxml.BeanAdapter.put(BeanAdapter.java:54) ~[Shop-Management.jar:?]
	at javafx.fxml.FXMLLoader$Element.applyProperty(FXMLLoader.java:520) ~[Shop-Management.jar:?]
	at javafx.fxml.FXMLLoader$Element.processValue(FXMLLoader.java:370) ~[Shop-Management.jar:?]
	at javafx.fxml.FXMLLoader$Element.processPropertyAttribute(FXMLLoader.java:332) ~[Shop-Management.jar:?]
	at javafx.fxml.FXMLLoader$Element.processInstancePropertyAttributes(FXMLLoader.java:242) ~[Shop-Management.jar:?]
	at javafx.fxml.FXMLLoader$ValueElement.processEndElement(FXMLLoader.java:775) ~[Shop-Management.jar:?]
	at javafx.fxml.FXMLLoader.processEndElement(FXMLLoader.java:2838) ~[Shop-Management.jar:?]
	at javafx.fxml.FXMLLoader.loadImpl(FXMLLoader.java:2557) ~[Shop-Management.jar:?]
	... 67 more
2020-10-14 02:23:09.424 [JavaFX Application Thread] INFO  shop.management.ui.login.LoginController - Sessão iniciada com sucesso com o utilizador: admin
2020-10-14 02:23:09.433 [Thread-5] INFO  shop.management.ui.main.Main - Sistema de Gestão de Loja fechado às 14-10-2020 02:23:06 da manhã. Usado por 1602638589433 ms
2020-10-14 02:31:44.793 [main] INFO  shop.management.ui.main.Main - Sistema de Gestão de Loja iniciado às 14-10-2020 02:31:44 da manhã
2020-10-14 02:42:32.210 [main] INFO  shop.management.ui.main.Main - Sistema de Gestão de Loja iniciado às 14-10-2020 02:42:32 da manhã
2020-10-14 02:43:26.866 [main] INFO  shop.management.ui.main.Main - Sistema de Gestão de Loja iniciado às 14-10-2020 02:43:26 da manhã
2020-10-14 02:45:29.069 [main] INFO  shop.management.ui.main.Main - Sistema de Gestão de Loja iniciado às 14-10-2020 02:45:29 da manhã
2020-10-14 02:53:10.565 [main] INFO  shop.management.ui.main.Main - Sistema de Gestão de Loja iniciado às 14-10-2020 02:53:10 da manhã
2020-10-14 02:55:35.920 [main] INFO  shop.management.ui.main.Main - Sistema de Gestão de Loja iniciado às 14-10-2020 02:55:35 da manhã
2020-10-14 02:55:55.611 [main] INFO  shop.management.ui.main.Main - Sistema de Gestão de Loja iniciado às 14-10-2020 02:55:55 da manhã
2020-10-14 02:58:02.946 [main] INFO  shop.management.ui.main.Main - Sistema de Gestão de Loja iniciado às 14-10-2020 02:58:02 da manhã
2020-10-14 03:01:43.572 [main] INFO  shop.management.ui.main.Main - Sistema de Gestão de Loja iniciado às 14-10-2020 03:01:43 da manhã
2020-10-14 03:02:21.165 [main] INFO  shop.management.ui.main.Main - Sistema de Gestão de Loja iniciado às 14-10-2020 03:02:21 da manhã
2020-10-14 03:02:59.791 [main] INFO  shop.management.ui.main.Main - Sistema de Gestão de Loja iniciado às 14-10-2020 03:02:59 da manhã
2020-10-14 03:06:57.789 [main] INFO  shop.management.ui.main.Main - Sistema de Gestão de Loja iniciado às 14-10-2020 03:06:57 da manhã
2020-10-14 03:15:10.680 [main] INFO  shop.management.ui.main.Main - Sistema de Gestão de Loja iniciado às 14-10-2020 03:15:10 da manhã
2020-10-14 03:17:45.664 [main] INFO  shop.management.ui.main.Main - Sistema de Gestão de Loja iniciado às 14-10-2020 03:17:45 da manhã
2020-10-14 03:20:54.876 [main] INFO  shop.management.ui.main.Main - Sistema de Gestão de Loja iniciado às 14-10-2020 03:20:54 da manhã
2020-10-14 03:22:11.947 [main] INFO  shop.management.ui.main.Main - Sistema de Gestão de Loja iniciado às 14-10-2020 03:22:11 da manhã
2020-10-14 03:22:18.925 [main] INFO  shop.management.ui.main.Main - Sistema de Gestão de Loja iniciado às 14-10-2020 03:22:18 da manhã
2020-10-14 03:22:37.018 [main] INFO  shop.management.ui.main.Main - Sistema de Gestão de Loja iniciado às 14-10-2020 03:22:37 da manhã
2020-10-14 03:26:40.947 [main] INFO  shop.management.ui.main.Main - Sistema de Gestão de Loja iniciado às 14-10-2020 03:26:40 da manhã
