2020-10-15 00:39:27.310 [main] INFO  pt.shop.management.ui.main.Main - Sistema de Gest√£o de Loja iniciado √†s 15-10-2020 12:39:27 da manh„
2020-10-15 00:39:43.580 [JavaFX Application Thread] INFO  pt.shop.management.ui.login.LoginController - Sess√£o iniciada com sucesso com o utilizador: admin
2020-10-15 00:40:35.254 [main] INFO  pt.shop.management.ui.main.Main - Sistema de Gest√£o de Loja iniciado √†s 15-10-2020 12:40:35 da manh„
2020-10-15 00:40:38.952 [Thread-5] INFO  pt.shop.management.ui.main.Main - Sistema de Gest√£o de Loja fechado √†s 15-10-2020 12:40:35 da manh„. Usado por 1602718838952 ms
2020-10-15 00:41:34.578 [main] INFO  pt.shop.management.ui.main.Main - Sistema de Gest√£o de Loja iniciado √†s 15-10-2020 12:41:34 da manh„
2020-10-15 00:41:38.780 [Thread-5] INFO  pt.shop.management.ui.main.Main - Sistema de Gest√£o de Loja fechado √†s 15-10-2020 12:41:34 da manh„. Usado por 1602718898779 ms
2020-10-15 00:41:49.268 [main] INFO  pt.shop.management.ui.main.Main - Sistema de Gest√£o de Loja iniciado √†s 15-10-2020 12:41:49 da manh„
2020-10-15 00:42:04.316 [main] INFO  pt.shop.management.ui.main.Main - Sistema de Gest√£o de Loja iniciado √†s 15-10-2020 12:42:04 da manh„
2020-10-15 00:42:05.264 [Thread-5] INFO  pt.shop.management.ui.main.Main - Sistema de Gest√£o de Loja fechado √†s 15-10-2020 12:41:49 da manh„. Usado por 1602718925264 ms
2020-10-15 00:42:07.352 [Thread-5] INFO  pt.shop.management.ui.main.Main - Sistema de Gest√£o de Loja fechado √†s 15-10-2020 12:42:04 da manh„. Usado por 1602718927351 ms
2020-10-15 00:42:10.470 [main] INFO  pt.shop.management.ui.main.Main - Sistema de Gest√£o de Loja iniciado √†s 15-10-2020 12:42:10 da manh„
2020-10-15 00:42:14.969 [JavaFX Application Thread] INFO  pt.shop.management.ui.login.LoginController - Sess√£o iniciada com sucesso com o utilizador: admin
2020-10-15 00:42:21.701 [Thread-5] INFO  pt.shop.management.ui.main.Main - Sistema de Gest√£o de Loja fechado √†s 15-10-2020 12:42:10 da manh„. Usado por 1602718941701 ms
2020-10-15 00:52:54.460 [main] INFO  pt.shop.management.ui.main.Main - Sistema de Gest√£o de Loja iniciado √†s 15-10-2020 12:52:54 da manh„
2020-10-15 00:53:01.075 [JavaFX Application Thread] INFO  pt.shop.management.ui.login.LoginController - Sess√£o iniciada com sucesso com o utilizador: admin
2020-10-15 00:53:42.089 [main] INFO  pt.shop.management.ui.main.Main - Sistema de Gest√£o de Loja iniciado √†s 15-10-2020 12:53:42 da manh„
2020-10-15 00:53:45.388 [Thread-5] INFO  pt.shop.management.ui.main.Main - Sistema de Gest√£o de Loja fechado √†s 15-10-2020 12:53:42 da manh„. Usado por 1602719625388 ms
2020-10-15 01:02:22.642 [main] INFO  pt.shop.management.ui.main.Main - Sistema de Gest√£o de Loja iniciado √†s 15-10-2020 01:02:22 da manh„
2020-10-15 01:02:29.254 [JavaFX Application Thread] INFO  pt.shop.management.ui.login.LoginController - Sess√£o iniciada com sucesso com o utilizador: admin
2020-10-15 01:11:59.531 [main] INFO  pt.shop.management.ui.main.Main - Sistema de Gest√£o de Loja iniciado √†s 15-10-2020 01:11:59 da manh„
2020-10-15 01:12:16.787 [main] INFO  pt.shop.management.ui.main.Main - Sistema de Gest√£o de Loja iniciado √†s 15-10-2020 01:12:16 da manh„
2020-10-15 01:12:29.702 [main] INFO  pt.shop.management.ui.main.Main - Sistema de Gest√£o de Loja iniciado √†s 15-10-2020 01:12:29 da manh„
2020-10-15 01:12:44.790 [main] INFO  pt.shop.management.ui.main.Main - Sistema de Gest√£o de Loja iniciado √†s 15-10-2020 01:12:44 da manh„
2020-10-15 01:13:11.061 [main] INFO  pt.shop.management.ui.main.Main - Sistema de Gest√£o de Loja iniciado √†s 15-10-2020 01:13:11 da manh„
2020-10-15 01:13:48.060 [main] INFO  pt.shop.management.ui.main.Main - Sistema de Gest√£o de Loja iniciado √†s 15-10-2020 01:13:48 da manh„
2020-10-15 01:13:52.111 [JavaFX Application Thread] INFO  pt.shop.management.ui.login.LoginController - Sess√£o iniciada com sucesso com o utilizador: admin
2020-10-15 01:13:53.502 [Thread-5] INFO  pt.shop.management.ui.main.Main - Sistema de Gest√£o de Loja fechado √†s 15-10-2020 01:13:48 da manh„. Usado por 1602720833502 ms
2020-10-15 01:13:57.774 [main] INFO  pt.shop.management.ui.main.Main - Sistema de Gest√£o de Loja iniciado √†s 15-10-2020 01:13:57 da manh„
2020-10-15 01:14:01.717 [JavaFX Application Thread] INFO  pt.shop.management.ui.login.LoginController - Sess√£o iniciada com sucesso com o utilizador: admin
2020-10-15 01:14:05.696 [Thread-5] INFO  pt.shop.management.ui.main.Main - Sistema de Gest√£o de Loja fechado √†s 15-10-2020 01:13:57 da manh„. Usado por 1602720845695 ms
2020-10-15 01:14:19.598 [main] INFO  pt.shop.management.ui.main.Main - Sistema de Gest√£o de Loja iniciado √†s 15-10-2020 01:14:19 da manh„
2020-10-15 01:14:24.192 [JavaFX Application Thread] INFO  pt.shop.management.ui.login.LoginController - Sess√£o iniciada com sucesso com o utilizador: admin
2020-10-15 01:18:19.440 [main] INFO  pt.shop.management.ui.main.Main - Sistema de Gest√£o de Loja iniciado √†s 15-10-2020 01:18:19 da manh„
2020-10-15 01:18:29.241 [Thread-5] INFO  pt.shop.management.ui.main.Main - Sistema de Gest√£o de Loja fechado √†s 15-10-2020 01:18:19 da manh„. Usado por 1602721109240 ms
2020-10-15 01:20:13.223 [main] INFO  pt.shop.management.ui.main.Main - Sistema de Gest√£o de Loja iniciado √†s 15-10-2020 01:20:13 da manh„
2020-10-15 01:22:46.116 [main] INFO  pt.shop.management.ui.main.Main - Sistema de Gest√£o de Loja iniciado √†s 15-10-2020 01:22:46 da manh„
2020-10-15 01:22:50.384 [Thread-5] INFO  pt.shop.management.ui.main.Main - Sistema de Gest√£o de Loja fechado √†s 15-10-2020 01:22:46 da manh„. Usado por 1602721370383 ms
2020-10-15 01:23:10.086 [main] INFO  pt.shop.management.ui.main.Main - Sistema de Gest√£o de Loja iniciado √†s 15-10-2020 01:23:10 da manh„
2020-10-15 01:23:15.532 [Thread-5] INFO  pt.shop.management.ui.main.Main - Sistema de Gest√£o de Loja fechado √†s 15-10-2020 01:23:10 da manh„. Usado por 1602721395530 ms
2020-10-15 01:23:37.143 [main] INFO  pt.shop.management.ui.main.Main - Sistema de Gest√£o de Loja iniciado √†s 15-10-2020 01:23:37 da manh„
2020-10-15 01:24:49.528 [main] INFO  pt.shop.management.ui.main.Main - Sistema de Gest√£o de Loja iniciado √†s 15-10-2020 01:24:49 da manh„
2020-10-15 01:25:01.197 [Thread-5] INFO  pt.shop.management.ui.main.Main - Sistema de Gest√£o de Loja fechado √†s 15-10-2020 01:24:49 da manh„. Usado por 1602721501196 ms
2020-10-15 01:25:40.991 [main] INFO  pt.shop.management.ui.main.Main - Sistema de Gest√£o de Loja iniciado √†s 15-10-2020 01:25:40 da manh„
2020-10-15 01:25:44.545 [Thread-5] INFO  pt.shop.management.ui.main.Main - Sistema de Gest√£o de Loja fechado √†s 15-10-2020 01:25:40 da manh„. Usado por 1602721544544 ms
2020-10-15 01:26:47.864 [main] INFO  pt.shop.management.ui.main.Main - Sistema de Gest√£o de Loja iniciado √†s 15-10-2020 01:26:47 da manh„
2020-10-15 01:28:12.688 [main] INFO  pt.shop.management.ui.main.Main - Sistema de Gest√£o de Loja iniciado √†s 15-10-2020 01:28:12 da manh„
2020-10-15 01:28:28.320 [Thread-5] INFO  pt.shop.management.ui.main.Main - Sistema de Gest√£o de Loja fechado √†s 15-10-2020 01:28:12 da manh„. Usado por 1602721708320 ms
2020-10-15 01:28:29.441 [main] INFO  pt.shop.management.ui.main.Main - Sistema de Gest√£o de Loja iniciado √†s 15-10-2020 01:28:29 da manh„
2020-10-15 01:28:36.298 [Thread-5] INFO  pt.shop.management.ui.main.Main - Sistema de Gest√£o de Loja fechado √†s 15-10-2020 01:28:29 da manh„. Usado por 1602721716297 ms
2020-10-15 01:29:28.048 [main] INFO  pt.shop.management.ui.main.Main - Sistema de Gest√£o de Loja iniciado √†s 15-10-2020 01:29:28 da manh„
2020-10-15 01:29:32.609 [Thread-5] INFO  pt.shop.management.ui.main.Main - Sistema de Gest√£o de Loja fechado √†s 15-10-2020 01:29:28 da manh„. Usado por 1602721772609 ms
2020-10-15 01:32:16.884 [main] INFO  pt.shop.management.ui.main.Main - Sistema de Gest√£o de Loja iniciado √†s 15-10-2020 01:32:16 da manh„
2020-10-15 01:32:36.597 [Thread-5] INFO  pt.shop.management.ui.main.Main - Sistema de Gest√£o de Loja fechado √†s 15-10-2020 01:32:16 da manh„. Usado por 1602721956595 ms
2020-10-15 01:32:41.250 [main] INFO  pt.shop.management.ui.main.Main - Sistema de Gest√£o de Loja iniciado √†s 15-10-2020 01:32:41 da manh„
2020-10-15 01:32:44.469 [Thread-5] INFO  pt.shop.management.ui.main.Main - Sistema de Gest√£o de Loja fechado √†s 15-10-2020 01:32:41 da manh„. Usado por 1602721964468 ms
2020-10-15 01:32:57.382 [main] INFO  pt.shop.management.ui.main.Main - Sistema de Gest√£o de Loja iniciado √†s 15-10-2020 01:32:57 da manh„
2020-10-15 01:33:01.716 [Thread-5] INFO  pt.shop.management.ui.main.Main - Sistema de Gest√£o de Loja fechado √†s 15-10-2020 01:32:57 da manh„. Usado por 1602721981715 ms
2020-10-15 01:33:21.883 [main] INFO  pt.shop.management.ui.main.Main - Sistema de Gest√£o de Loja iniciado √†s 15-10-2020 01:33:21 da manh„
2020-10-15 01:33:35.137 [Thread-5] INFO  pt.shop.management.ui.main.Main - Sistema de Gest√£o de Loja fechado √†s 15-10-2020 01:33:21 da manh„. Usado por 1602722015137 ms
2020-10-15 01:34:47.518 [main] INFO  pt.shop.management.ui.main.Main - Sistema de Gest√£o de Loja iniciado √†s 15-10-2020 01:34:47 da manh„
2020-10-15 01:35:12.774 [JavaFX Application Thread] INFO  pt.shop.management.ui.login.LoginController - Sess√£o iniciada com sucesso com o utilizador: admin
2020-10-15 01:35:54.615 [main] INFO  pt.shop.management.ui.main.Main - Sistema de Gest√£o de Loja iniciado √†s 15-10-2020 01:35:54 da manh„
2020-10-15 01:35:58.645 [JavaFX Application Thread] INFO  pt.shop.management.ui.login.LoginController - Sess√£o iniciada com sucesso com o utilizador: admin
2020-10-15 01:36:08.210 [Thread-5] INFO  pt.shop.management.ui.main.Main - Sistema de Gest√£o de Loja fechado √†s 15-10-2020 01:35:54 da manh„. Usado por 1602722168209 ms
2020-10-15 01:38:18.703 [main] INFO  pt.shop.management.ui.main.Main - Sistema de Gest√£o de Loja iniciado √†s 15-10-2020 01:38:18 da manh„
2020-10-15 01:38:23.931 [JavaFX Application Thread] INFO  pt.shop.management.ui.login.LoginController - Sess√£o iniciada com sucesso com o utilizador: admin
2020-10-15 01:40:28.440 [main] INFO  pt.shop.management.ui.main.Main - Sistema de Gest√£o de Loja iniciado √†s 15-10-2020 01:40:28 da manh„
2020-10-15 01:40:32.362 [JavaFX Application Thread] INFO  pt.shop.management.ui.login.LoginController - Sess√£o iniciada com sucesso com o utilizador: admin
2020-10-15 01:43:59.518 [main] INFO  pt.shop.management.ui.main.Main - Sistema de Gest√£o de Loja iniciado √†s 15-10-2020 01:43:59 da manh„
2020-10-15 01:44:06.571 [JavaFX Application Thread] INFO  pt.shop.management.ui.login.LoginController - Sess√£o iniciada com sucesso com o utilizador: admin
2020-10-15 02:01:50.736 [main] INFO  pt.shop.management.ui.main.Main - Sistema de Gest√£o de Loja iniciado √†s 15-10-2020 02:01:50 da manh„
2020-10-15 02:01:56.091 [JavaFX Application Thread] INFO  pt.shop.management.ui.login.LoginController - Sess√£o iniciada com sucesso com o utilizador: admin
2020-10-15 02:02:00.946 [Thread-5] INFO  pt.shop.management.ui.main.Main - Sistema de Gest√£o de Loja fechado √†s 15-10-2020 02:01:50 da manh„. Usado por 1602723720943 ms
2020-10-15 02:02:02.996 [main] INFO  pt.shop.management.ui.main.Main - Sistema de Gest√£o de Loja iniciado √†s 15-10-2020 02:02:02 da manh„
2020-10-15 02:02:14.061 [Thread-5] INFO  pt.shop.management.ui.main.Main - Sistema de Gest√£o de Loja fechado √†s 15-10-2020 02:02:02 da manh„. Usado por 1602723734061 ms
2020-10-15 02:15:13.498 [main] INFO  pt.shop.management.ui.main.Main - Sistema de Gest√£o de Loja iniciado √†s 15-10-2020 02:15:13 da manh„
2020-10-15 02:15:17.542 [JavaFX Application Thread] INFO  pt.shop.management.ui.login.LoginController - Sess√£o iniciada com sucesso com o utilizador: admin
2020-10-15 02:23:23.413 [main] INFO  pt.shop.management.ui.main.Main - Sistema de Gest√£o de Loja iniciado √†s 15-10-2020 02:23:23 da manh„
2020-10-15 02:23:34.856 [JavaFX Application Thread] INFO  pt.shop.management.ui.login.LoginController - Sess√£o iniciada com sucesso com o utilizador: admin
2020-10-15 02:24:37.164 [main] INFO  pt.shop.management.ui.main.Main - Sistema de Gest√£o de Loja iniciado √†s 15-10-2020 02:24:37 da manh„
2020-10-15 02:24:39.727 [Thread-5] INFO  pt.shop.management.ui.main.Main - Sistema de Gest√£o de Loja fechado √†s 15-10-2020 02:24:37 da manh„. Usado por 1602725079726 ms
2020-10-15 02:35:39.287 [main] INFO  pt.shop.management.ui.main.Main - Sistema de Gest√£o de Loja iniciado √†s 15-10-2020 02:35:39 da manh„
2020-10-15 02:35:42.927 [JavaFX Application Thread] ERROR pt.shop.management.ui.login.LoginController - {}
javafx.fxml.LoadException: Error resolving onAction='#handleMenuSettings', either the event handler is not in the Namespace or there is an error in the script.
/C:/Users/Hugo/Documents/safe/Shop-Management-JDK11/build/resources/main/fxml/main/Main.fxml:138

	at javafx.fxml.FXMLLoader.constructLoadException(FXMLLoader.java:2621) ~[javafx-fxml-11.0.2-win.jar:?]
	at javafx.fxml.FXMLLoader.access$100(FXMLLoader.java:105) ~[javafx-fxml-11.0.2-win.jar:?]
	at javafx.fxml.FXMLLoader$Element.processEventHandlerAttributes(FXMLLoader.java:618) ~[javafx-fxml-11.0.2-win.jar:?]
	at javafx.fxml.FXMLLoader$ValueElement.processEndElement(FXMLLoader.java:778) ~[javafx-fxml-11.0.2-win.jar:?]
	at javafx.fxml.FXMLLoader.processEndElement(FXMLLoader.java:2838) ~[javafx-fxml-11.0.2-win.jar:?]
	at javafx.fxml.FXMLLoader.loadImpl(FXMLLoader.java:2557) ~[javafx-fxml-11.0.2-win.jar:?]
	at javafx.fxml.FXMLLoader.loadImpl(FXMLLoader.java:2466) ~[javafx-fxml-11.0.2-win.jar:?]
	at javafx.fxml.FXMLLoader.loadImpl(FXMLLoader.java:3237) ~[javafx-fxml-11.0.2-win.jar:?]
	at javafx.fxml.FXMLLoader.loadImpl(FXMLLoader.java:3194) ~[javafx-fxml-11.0.2-win.jar:?]
	at javafx.fxml.FXMLLoader.loadImpl(FXMLLoader.java:3163) ~[javafx-fxml-11.0.2-win.jar:?]
	at javafx.fxml.FXMLLoader.loadImpl(FXMLLoader.java:3136) ~[javafx-fxml-11.0.2-win.jar:?]
	at javafx.fxml.FXMLLoader.loadImpl(FXMLLoader.java:3113) ~[javafx-fxml-11.0.2-win.jar:?]
	at javafx.fxml.FXMLLoader.load(FXMLLoader.java:3106) ~[javafx-fxml-11.0.2-win.jar:?]
	at pt.shop.management.ui.login.LoginController.loadMain(LoginController.java:124) ~[main/:?]
	at pt.shop.management.ui.login.LoginController.handleLoginButtonAction(LoginController.java:70) ~[main/:?]
	at jdk.internal.reflect.NativeMethodAccessorImpl.invoke0(Native Method) ~[?:?]
	at jdk.internal.reflect.NativeMethodAccessorImpl.invoke(NativeMethodAccessorImpl.java:62) ~[?:?]
	at jdk.internal.reflect.DelegatingMethodAccessorImpl.invoke(DelegatingMethodAccessorImpl.java:43) ~[?:?]
	at java.lang.reflect.Method.invoke(Method.java:566) ~[?:?]
	at com.sun.javafx.reflect.Trampoline.invoke(MethodUtil.java:76) ~[javafx-base-11.0.2-win.jar:?]
	at jdk.internal.reflect.NativeMethodAccessorImpl.invoke0(Native Method) ~[?:?]
	at jdk.internal.reflect.NativeMethodAccessorImpl.invoke(NativeMethodAccessorImpl.java:62) ~[?:?]
	at jdk.internal.reflect.DelegatingMethodAccessorImpl.invoke(DelegatingMethodAccessorImpl.java:43) ~[?:?]
	at java.lang.reflect.Method.invoke(Method.java:566) ~[?:?]
	at com.sun.javafx.reflect.MethodUtil.invoke(MethodUtil.java:273) ~[javafx-base-11.0.2-win.jar:?]
	at com.sun.javafx.fxml.MethodHelper.invoke(MethodHelper.java:83) ~[javafx-fxml-11.0.2-win.jar:?]
	at javafx.fxml.FXMLLoader$MethodHandler.invoke(FXMLLoader.java:1782) ~[javafx-fxml-11.0.2-win.jar:?]
	at javafx.fxml.FXMLLoader$ControllerMethodEventHandler.handle(FXMLLoader.java:1670) ~[javafx-fxml-11.0.2-win.jar:?]
	at com.sun.javafx.event.CompositeEventHandler.dispatchBubblingEvent(CompositeEventHandler.java:86) ~[javafx-base-11.0.2-win.jar:?]
	at com.sun.javafx.event.EventHandlerManager.dispatchBubblingEvent(EventHandlerManager.java:238) ~[javafx-base-11.0.2-win.jar:?]
	at com.sun.javafx.event.EventHandlerManager.dispatchBubblingEvent(EventHandlerManager.java:191) ~[javafx-base-11.0.2-win.jar:?]
	at com.sun.javafx.event.CompositeEventDispatcher.dispatchBubblingEvent(CompositeEventDispatcher.java:59) ~[javafx-base-11.0.2-win.jar:?]
	at com.sun.javafx.event.BasicEventDispatcher.dispatchEvent(BasicEventDispatcher.java:58) ~[javafx-base-11.0.2-win.jar:?]
	at com.sun.javafx.event.EventDispatchChainImpl.dispatchEvent(EventDispatchChainImpl.java:114) ~[javafx-base-11.0.2-win.jar:?]
	at com.sun.javafx.event.BasicEventDispatcher.dispatchEvent(BasicEventDispatcher.java:56) ~[javafx-base-11.0.2-win.jar:?]
	at com.sun.javafx.event.EventDispatchChainImpl.dispatchEvent(EventDispatchChainImpl.java:114) ~[javafx-base-11.0.2-win.jar:?]
	at com.sun.javafx.event.BasicEventDispatcher.dispatchEvent(BasicEventDispatcher.java:56) ~[javafx-base-11.0.2-win.jar:?]
	at com.sun.javafx.event.EventDispatchChainImpl.dispatchEvent(EventDispatchChainImpl.java:114) ~[javafx-base-11.0.2-win.jar:?]
	at com.sun.javafx.event.EventUtil.fireEventImpl(EventUtil.java:74) ~[javafx-base-11.0.2-win.jar:?]
	at com.sun.javafx.event.EventUtil.fireEvent(EventUtil.java:49) ~[javafx-base-11.0.2-win.jar:?]
	at javafx.event.Event.fireEvent(Event.java:198) ~[javafx-base-11.0.2-win.jar:?]
	at javafx.scene.Node.fireEvent(Node.java:8879) ~[javafx-graphics-11.0.2-win.jar:?]
	at com.sun.javafx.scene.control.behavior.TextFieldBehavior.fire(TextFieldBehavior.java:184) ~[javafx-controls-11.0.2-win.jar:?]
	at com.sun.javafx.scene.control.behavior.TextInputControlBehavior.lambda$keyMapping$62(TextInputControlBehavior.java:330) ~[javafx-controls-11.0.2-win.jar:?]
	at com.sun.javafx.scene.control.inputmap.InputMap.handle(InputMap.java:274) ~[javafx-controls-11.0.2-win.jar:?]
	at com.sun.javafx.event.CompositeEventHandler$NormalEventHandlerRecord.handleBubblingEvent(CompositeEventHandler.java:218) ~[javafx-base-11.0.2-win.jar:?]
	at com.sun.javafx.event.CompositeEventHandler.dispatchBubblingEvent(CompositeEventHandler.java:80) ~[javafx-base-11.0.2-win.jar:?]
	at com.sun.javafx.event.EventHandlerManager.dispatchBubblingEvent(EventHandlerManager.java:238) ~[javafx-base-11.0.2-win.jar:?]
	at com.sun.javafx.event.EventHandlerManager.dispatchBubblingEvent(EventHandlerManager.java:191) ~[javafx-base-11.0.2-win.jar:?]
	at com.sun.javafx.event.CompositeEventDispatcher.dispatchBubblingEvent(CompositeEventDispatcher.java:59) ~[javafx-base-11.0.2-win.jar:?]
	at com.sun.javafx.event.BasicEventDispatcher.dispatchEvent(BasicEventDispatcher.java:58) ~[javafx-base-11.0.2-win.jar:?]
	at com.sun.javafx.event.EventDispatchChainImpl.dispatchEvent(EventDispatchChainImpl.java:114) ~[javafx-base-11.0.2-win.jar:?]
	at com.sun.javafx.event.BasicEventDispatcher.dispatchEvent(BasicEventDispatcher.java:56) ~[javafx-base-11.0.2-win.jar:?]
	at com.sun.javafx.event.EventDispatchChainImpl.dispatchEvent(EventDispatchChainImpl.java:114) ~[javafx-base-11.0.2-win.jar:?]
	at com.sun.javafx.event.BasicEventDispatcher.dispatchEvent(BasicEventDispatcher.java:56) ~[javafx-base-11.0.2-win.jar:?]
	at com.sun.javafx.event.EventDispatchChainImpl.dispatchEvent(EventDispatchChainImpl.java:114) ~[javafx-base-11.0.2-win.jar:?]
	at com.sun.javafx.event.EventUtil.fireEventImpl(EventUtil.java:74) ~[javafx-base-11.0.2-win.jar:?]
	at com.sun.javafx.event.EventUtil.fireEvent(EventUtil.java:54) ~[javafx-base-11.0.2-win.jar:?]
	at javafx.event.Event.fireEvent(Event.java:198) ~[javafx-base-11.0.2-win.jar:?]
	at javafx.scene.Scene$KeyHandler.process(Scene.java:4058) ~[javafx-graphics-11.0.2-win.jar:?]
	at javafx.scene.Scene$KeyHandler.access$1500(Scene.java:4004) ~[javafx-graphics-11.0.2-win.jar:?]
	at javafx.scene.Scene.processKeyEvent(Scene.java:2121) ~[javafx-graphics-11.0.2-win.jar:?]
	at javafx.scene.Scene$ScenePeerListener.keyEvent(Scene.java:2595) ~[javafx-graphics-11.0.2-win.jar:?]
	at com.sun.javafx.tk.quantum.GlassViewEventHandler$KeyEventNotification.run(GlassViewEventHandler.java:217) ~[javafx-graphics-11.0.2-win.jar:?]
	at com.sun.javafx.tk.quantum.GlassViewEventHandler$KeyEventNotification.run(GlassViewEventHandler.java:149) ~[javafx-graphics-11.0.2-win.jar:?]
	at java.security.AccessController.doPrivileged(Native Method) ~[?:?]
	at com.sun.javafx.tk.quantum.GlassViewEventHandler.lambda$handleKeyEvent$1(GlassViewEventHandler.java:248) ~[javafx-graphics-11.0.2-win.jar:?]
	at com.sun.javafx.tk.quantum.QuantumToolkit.runWithoutRenderLock(QuantumToolkit.java:390) ~[javafx-graphics-11.0.2-win.jar:?]
	at com.sun.javafx.tk.quantum.GlassViewEventHandler.handleKeyEvent(GlassViewEventHandler.java:247) ~[javafx-graphics-11.0.2-win.jar:?]
	at com.sun.glass.ui.View.handleKeyEvent(View.java:547) ~[javafx-graphics-11.0.2-win.jar:?]
	at com.sun.glass.ui.View.notifyKey(View.java:971) ~[javafx-graphics-11.0.2-win.jar:?]
	at com.sun.glass.ui.win.WinApplication._runLoop(Native Method) ~[javafx-graphics-11.0.2-win.jar:?]
	at com.sun.glass.ui.win.WinApplication.lambda$runLoop$3(WinApplication.java:174) ~[javafx-graphics-11.0.2-win.jar:?]
	at java.lang.Thread.run(Thread.java:834) [?:?]
2020-10-15 02:35:42.941 [JavaFX Application Thread] INFO  pt.shop.management.ui.login.LoginController - Sess√£o iniciada com sucesso com o utilizador: admin
2020-10-15 02:35:42.950 [Thread-5] INFO  pt.shop.management.ui.main.Main - Sistema de Gest√£o de Loja fechado √†s 15-10-2020 02:35:39 da manh„. Usado por 1602725742949 ms
2020-10-15 02:36:02.485 [main] INFO  pt.shop.management.ui.main.Main - Sistema de Gest√£o de Loja iniciado √†s 15-10-2020 02:36:02 da manh„
2020-10-15 02:36:06.499 [JavaFX Application Thread] ERROR pt.shop.management.ui.login.LoginController - {}
javafx.fxml.LoadException: Error resolving onAction='#handleMenuSettings', either the event handler is not in the Namespace or there is an error in the script.
/C:/Users/Hugo/Documents/safe/Shop-Management-JDK11/build/resources/main/fxml/main/Main.fxml:138

	at javafx.fxml.FXMLLoader.constructLoadException(FXMLLoader.java:2621) ~[javafx-fxml-11.0.2-win.jar:?]
	at javafx.fxml.FXMLLoader.access$100(FXMLLoader.java:105) ~[javafx-fxml-11.0.2-win.jar:?]
	at javafx.fxml.FXMLLoader$Element.processEventHandlerAttributes(FXMLLoader.java:618) ~[javafx-fxml-11.0.2-win.jar:?]
	at javafx.fxml.FXMLLoader$ValueElement.processEndElement(FXMLLoader.java:778) ~[javafx-fxml-11.0.2-win.jar:?]
	at javafx.fxml.FXMLLoader.processEndElement(FXMLLoader.java:2838) ~[javafx-fxml-11.0.2-win.jar:?]
	at javafx.fxml.FXMLLoader.loadImpl(FXMLLoader.java:2557) ~[javafx-fxml-11.0.2-win.jar:?]
	at javafx.fxml.FXMLLoader.loadImpl(FXMLLoader.java:2466) ~[javafx-fxml-11.0.2-win.jar:?]
	at javafx.fxml.FXMLLoader.loadImpl(FXMLLoader.java:3237) ~[javafx-fxml-11.0.2-win.jar:?]
	at javafx.fxml.FXMLLoader.loadImpl(FXMLLoader.java:3194) ~[javafx-fxml-11.0.2-win.jar:?]
	at javafx.fxml.FXMLLoader.loadImpl(FXMLLoader.java:3163) ~[javafx-fxml-11.0.2-win.jar:?]
	at javafx.fxml.FXMLLoader.loadImpl(FXMLLoader.java:3136) ~[javafx-fxml-11.0.2-win.jar:?]
	at javafx.fxml.FXMLLoader.loadImpl(FXMLLoader.java:3113) ~[javafx-fxml-11.0.2-win.jar:?]
	at javafx.fxml.FXMLLoader.load(FXMLLoader.java:3106) ~[javafx-fxml-11.0.2-win.jar:?]
	at pt.shop.management.ui.login.LoginController.loadMain(LoginController.java:124) ~[main/:?]
	at pt.shop.management.ui.login.LoginController.handleLoginButtonAction(LoginController.java:70) ~[main/:?]
	at jdk.internal.reflect.NativeMethodAccessorImpl.invoke0(Native Method) ~[?:?]
	at jdk.internal.reflect.NativeMethodAccessorImpl.invoke(NativeMethodAccessorImpl.java:62) ~[?:?]
	at jdk.internal.reflect.DelegatingMethodAccessorImpl.invoke(DelegatingMethodAccessorImpl.java:43) ~[?:?]
	at java.lang.reflect.Method.invoke(Method.java:566) ~[?:?]
	at com.sun.javafx.reflect.Trampoline.invoke(MethodUtil.java:76) ~[javafx-base-11.0.2-win.jar:?]
	at jdk.internal.reflect.NativeMethodAccessorImpl.invoke0(Native Method) ~[?:?]
	at jdk.internal.reflect.NativeMethodAccessorImpl.invoke(NativeMethodAccessorImpl.java:62) ~[?:?]
	at jdk.internal.reflect.DelegatingMethodAccessorImpl.invoke(DelegatingMethodAccessorImpl.java:43) ~[?:?]
	at java.lang.reflect.Method.invoke(Method.java:566) ~[?:?]
	at com.sun.javafx.reflect.MethodUtil.invoke(MethodUtil.java:273) ~[javafx-base-11.0.2-win.jar:?]
	at com.sun.javafx.fxml.MethodHelper.invoke(MethodHelper.java:83) ~[javafx-fxml-11.0.2-win.jar:?]
	at javafx.fxml.FXMLLoader$MethodHandler.invoke(FXMLLoader.java:1782) ~[javafx-fxml-11.0.2-win.jar:?]
	at javafx.fxml.FXMLLoader$ControllerMethodEventHandler.handle(FXMLLoader.java:1670) ~[javafx-fxml-11.0.2-win.jar:?]
	at com.sun.javafx.event.CompositeEventHandler.dispatchBubblingEvent(CompositeEventHandler.java:86) ~[javafx-base-11.0.2-win.jar:?]
	at com.sun.javafx.event.EventHandlerManager.dispatchBubblingEvent(EventHandlerManager.java:238) ~[javafx-base-11.0.2-win.jar:?]
	at com.sun.javafx.event.EventHandlerManager.dispatchBubblingEvent(EventHandlerManager.java:191) ~[javafx-base-11.0.2-win.jar:?]
	at com.sun.javafx.event.CompositeEventDispatcher.dispatchBubblingEvent(CompositeEventDispatcher.java:59) ~[javafx-base-11.0.2-win.jar:?]
	at com.sun.javafx.event.BasicEventDispatcher.dispatchEvent(BasicEventDispatcher.java:58) ~[javafx-base-11.0.2-win.jar:?]
	at com.sun.javafx.event.EventDispatchChainImpl.dispatchEvent(EventDispatchChainImpl.java:114) ~[javafx-base-11.0.2-win.jar:?]
	at com.sun.javafx.event.BasicEventDispatcher.dispatchEvent(BasicEventDispatcher.java:56) ~[javafx-base-11.0.2-win.jar:?]
	at com.sun.javafx.event.EventDispatchChainImpl.dispatchEvent(EventDispatchChainImpl.java:114) ~[javafx-base-11.0.2-win.jar:?]
	at com.sun.javafx.event.BasicEventDispatcher.dispatchEvent(BasicEventDispatcher.java:56) ~[javafx-base-11.0.2-win.jar:?]
	at com.sun.javafx.event.EventDispatchChainImpl.dispatchEvent(EventDispatchChainImpl.java:114) ~[javafx-base-11.0.2-win.jar:?]
	at com.sun.javafx.event.EventUtil.fireEventImpl(EventUtil.java:74) ~[javafx-base-11.0.2-win.jar:?]
	at com.sun.javafx.event.EventUtil.fireEvent(EventUtil.java:49) ~[javafx-base-11.0.2-win.jar:?]
	at javafx.event.Event.fireEvent(Event.java:198) ~[javafx-base-11.0.2-win.jar:?]
	at javafx.scene.Node.fireEvent(Node.java:8879) ~[javafx-graphics-11.0.2-win.jar:?]
	at com.sun.javafx.scene.control.behavior.TextFieldBehavior.fire(TextFieldBehavior.java:184) ~[javafx-controls-11.0.2-win.jar:?]
	at com.sun.javafx.scene.control.behavior.TextInputControlBehavior.lambda$keyMapping$62(TextInputControlBehavior.java:330) ~[javafx-controls-11.0.2-win.jar:?]
	at com.sun.javafx.scene.control.inputmap.InputMap.handle(InputMap.java:274) ~[javafx-controls-11.0.2-win.jar:?]
	at com.sun.javafx.event.CompositeEventHandler$NormalEventHandlerRecord.handleBubblingEvent(CompositeEventHandler.java:218) ~[javafx-base-11.0.2-win.jar:?]
	at com.sun.javafx.event.CompositeEventHandler.dispatchBubblingEvent(CompositeEventHandler.java:80) ~[javafx-base-11.0.2-win.jar:?]
	at com.sun.javafx.event.EventHandlerManager.dispatchBubblingEvent(EventHandlerManager.java:238) ~[javafx-base-11.0.2-win.jar:?]
	at com.sun.javafx.event.EventHandlerManager.dispatchBubblingEvent(EventHandlerManager.java:191) ~[javafx-base-11.0.2-win.jar:?]
	at com.sun.javafx.event.CompositeEventDispatcher.dispatchBubblingEvent(CompositeEventDispatcher.java:59) ~[javafx-base-11.0.2-win.jar:?]
	at com.sun.javafx.event.BasicEventDispatcher.dispatchEvent(BasicEventDispatcher.java:58) ~[javafx-base-11.0.2-win.jar:?]
	at com.sun.javafx.event.EventDispatchChainImpl.dispatchEvent(EventDispatchChainImpl.java:114) ~[javafx-base-11.0.2-win.jar:?]
	at com.sun.javafx.event.BasicEventDispatcher.dispatchEvent(BasicEventDispatcher.java:56) ~[javafx-base-11.0.2-win.jar:?]
	at com.sun.javafx.event.EventDispatchChainImpl.dispatchEvent(EventDispatchChainImpl.java:114) ~[javafx-base-11.0.2-win.jar:?]
	at com.sun.javafx.event.BasicEventDispatcher.dispatchEvent(BasicEventDispatcher.java:56) ~[javafx-base-11.0.2-win.jar:?]
	at com.sun.javafx.event.EventDispatchChainImpl.dispatchEvent(EventDispatchChainImpl.java:114) ~[javafx-base-11.0.2-win.jar:?]
	at com.sun.javafx.event.EventUtil.fireEventImpl(EventUtil.java:74) ~[javafx-base-11.0.2-win.jar:?]
	at com.sun.javafx.event.EventUtil.fireEvent(EventUtil.java:54) ~[javafx-base-11.0.2-win.jar:?]
	at javafx.event.Event.fireEvent(Event.java:198) ~[javafx-base-11.0.2-win.jar:?]
	at javafx.scene.Scene$KeyHandler.process(Scene.java:4058) ~[javafx-graphics-11.0.2-win.jar:?]
	at javafx.scene.Scene$KeyHandler.access$1500(Scene.java:4004) ~[javafx-graphics-11.0.2-win.jar:?]
	at javafx.scene.Scene.processKeyEvent(Scene.java:2121) ~[javafx-graphics-11.0.2-win.jar:?]
	at javafx.scene.Scene$ScenePeerListener.keyEvent(Scene.java:2595) ~[javafx-graphics-11.0.2-win.jar:?]
	at com.sun.javafx.tk.quantum.GlassViewEventHandler$KeyEventNotification.run(GlassViewEventHandler.java:217) ~[javafx-graphics-11.0.2-win.jar:?]
	at com.sun.javafx.tk.quantum.GlassViewEventHandler$KeyEventNotification.run(GlassViewEventHandler.java:149) ~[javafx-graphics-11.0.2-win.jar:?]
	at java.security.AccessController.doPrivileged(Native Method) ~[?:?]
	at com.sun.javafx.tk.quantum.GlassViewEventHandler.lambda$handleKeyEvent$1(GlassViewEventHandler.java:248) ~[javafx-graphics-11.0.2-win.jar:?]
	at com.sun.javafx.tk.quantum.QuantumToolkit.runWithoutRenderLock(QuantumToolkit.java:390) ~[javafx-graphics-11.0.2-win.jar:?]
	at com.sun.javafx.tk.quantum.GlassViewEventHandler.handleKeyEvent(GlassViewEventHandler.java:247) ~[javafx-graphics-11.0.2-win.jar:?]
	at com.sun.glass.ui.View.handleKeyEvent(View.java:547) ~[javafx-graphics-11.0.2-win.jar:?]
	at com.sun.glass.ui.View.notifyKey(View.java:971) ~[javafx-graphics-11.0.2-win.jar:?]
	at com.sun.glass.ui.win.WinApplication._runLoop(Native Method) ~[javafx-graphics-11.0.2-win.jar:?]
	at com.sun.glass.ui.win.WinApplication.lambda$runLoop$3(WinApplication.java:174) ~[javafx-graphics-11.0.2-win.jar:?]
	at java.lang.Thread.run(Thread.java:834) [?:?]
2020-10-15 02:36:06.511 [JavaFX Application Thread] INFO  pt.shop.management.ui.login.LoginController - Sess√£o iniciada com sucesso com o utilizador: admin
2020-10-15 02:36:06.521 [Thread-5] INFO  pt.shop.management.ui.main.Main - Sistema de Gest√£o de Loja fechado √†s 15-10-2020 02:36:02 da manh„. Usado por 1602725766521 ms
2020-10-15 02:36:36.038 [main] INFO  pt.shop.management.ui.main.Main - Sistema de Gest√£o de Loja iniciado √†s 15-10-2020 02:36:36 da manh„
2020-10-15 02:36:39.929 [JavaFX Application Thread] INFO  pt.shop.management.ui.login.LoginController - Sess√£o iniciada com sucesso com o utilizador: admin
2020-10-15 02:39:38.623 [main] INFO  pt.shop.management.ui.main.Main - Sistema de Gest√£o de Loja iniciado √†s 15-10-2020 02:39:38 da manh„
2020-10-15 02:43:25.105 [main] INFO  pt.shop.management.ui.main.Main - Sistema de Gest√£o de Loja iniciado √†s 15-10-2020 02:43:25 da manh„
2020-10-15 02:43:29.166 [JavaFX Application Thread] INFO  pt.shop.management.ui.login.LoginController - Sess√£o iniciada com sucesso com o utilizador: admin
2020-10-15 02:43:47.062 [Thread-5] INFO  pt.shop.management.ui.main.Main - Sistema de Gest√£o de Loja fechado √†s 15-10-2020 02:43:25 da manh„. Usado por 1602726227061 ms
2020-10-15 02:44:01.380 [main] INFO  pt.shop.management.ui.main.Main - Sistema de Gest√£o de Loja iniciado √†s 15-10-2020 02:44:01 da manh„
2020-10-15 02:44:04.895 [JavaFX Application Thread] INFO  pt.shop.management.ui.login.LoginController - Sess√£o iniciada com sucesso com o utilizador: admin
2020-10-15 02:44:14.493 [main] INFO  pt.shop.management.ui.main.Main - Sistema de Gest√£o de Loja iniciado √†s 15-10-2020 02:44:14 da manh„
2020-10-15 02:44:18.628 [JavaFX Application Thread] INFO  pt.shop.management.ui.login.LoginController - Sess√£o iniciada com sucesso com o utilizador: admin
2020-10-15 02:44:32.550 [main] INFO  pt.shop.management.ui.main.Main - Sistema de Gest√£o de Loja iniciado √†s 15-10-2020 02:44:32 da manh„
2020-10-15 02:44:35.957 [JavaFX Application Thread] INFO  pt.shop.management.ui.login.LoginController - Sess√£o iniciada com sucesso com o utilizador: admin
2020-10-15 02:44:48.008 [main] INFO  pt.shop.management.ui.main.Main - Sistema de Gest√£o de Loja iniciado √†s 15-10-2020 02:44:48 da manh„
2020-10-15 02:44:51.596 [JavaFX Application Thread] INFO  pt.shop.management.ui.login.LoginController - Sess√£o iniciada com sucesso com o utilizador: admin
2020-10-15 02:44:58.771 [main] INFO  pt.shop.management.ui.main.Main - Sistema de Gest√£o de Loja iniciado √†s 15-10-2020 02:44:58 da manh„
2020-10-15 02:45:02.431 [JavaFX Application Thread] INFO  pt.shop.management.ui.login.LoginController - Sess√£o iniciada com sucesso com o utilizador: admin
2020-10-15 02:45:21.715 [main] INFO  pt.shop.management.ui.main.Main - Sistema de Gest√£o de Loja iniciado √†s 15-10-2020 02:45:21 da manh„
2020-10-15 02:45:25.465 [JavaFX Application Thread] INFO  pt.shop.management.ui.login.LoginController - Sess√£o iniciada com sucesso com o utilizador: admin
2020-10-15 02:45:38.418 [main] INFO  pt.shop.management.ui.main.Main - Sistema de Gest√£o de Loja iniciado √†s 15-10-2020 02:45:38 da manh„
2020-10-15 02:45:41.987 [JavaFX Application Thread] INFO  pt.shop.management.ui.login.LoginController - Sess√£o iniciada com sucesso com o utilizador: admin
2020-10-15 02:45:55.589 [main] INFO  pt.shop.management.ui.main.Main - Sistema de Gest√£o de Loja iniciado √†s 15-10-2020 02:45:55 da manh„
2020-10-15 02:45:59.444 [JavaFX Application Thread] INFO  pt.shop.management.ui.login.LoginController - Sess√£o iniciada com sucesso com o utilizador: admin
2020-10-15 02:46:06.857 [main] INFO  pt.shop.management.ui.main.Main - Sistema de Gest√£o de Loja iniciado √†s 15-10-2020 02:46:06 da manh„
2020-10-15 02:46:10.467 [JavaFX Application Thread] INFO  pt.shop.management.ui.login.LoginController - Sess√£o iniciada com sucesso com o utilizador: admin
2020-10-15 02:46:21.551 [Thread-5] INFO  pt.shop.management.ui.main.Main - Sistema de Gest√£o de Loja fechado √†s 15-10-2020 02:46:06 da manh„. Usado por 1602726381550 ms
2020-10-15 02:47:18.272 [main] INFO  pt.shop.management.ui.main.Main - Sistema de Gest√£o de Loja iniciado √†s 15-10-2020 02:47:18 da manh„
2020-10-15 02:47:22.080 [JavaFX Application Thread] INFO  pt.shop.management.ui.login.LoginController - Sess√£o iniciada com sucesso com o utilizador: admin
