2020-10-15 00:54:41.324 [main] INFO  pt.shop.management.ui.main.Main - Sistema de Gest√£o de Loja iniciado √†s 15-10-2020 12:54:41 da manh„
2020-10-15 00:54:47.174 [JavaFX Application Thread] INFO  pt.shop.management.ui.login.LoginController - Sess√£o iniciada com sucesso com o utilizador: admin
2020-10-15 01:12:56.501 [Thread-6] INFO  pt.shop.management.ui.main.Main - Sistema de Gest√£o de Loja fechado √†s 15-10-2020 12:54:41 da manh„. Usado por 1602720776499 ms
2020-10-15 01:12:59.648 [main] INFO  pt.shop.management.ui.main.Main - Sistema de Gest√£o de Loja iniciado √†s 15-10-2020 01:12:59 da manh„
2020-10-15 01:13:03.797 [JavaFX Application Thread] INFO  pt.shop.management.ui.login.LoginController - Sess√£o iniciada com sucesso com o utilizador: admin
2020-10-15 01:13:04.800 [Thread-5] INFO  pt.shop.management.ui.main.Main - Sistema de Gest√£o de Loja fechado √†s 15-10-2020 01:12:59 da manh„. Usado por 1602720784800 ms
2020-10-15 02:19:39.864 [main] INFO  pt.shop.management.ui.main.Main - Sistema de Gest√£o de Loja iniciado √†s 15-10-2020 02:19:39 da manh„
2020-10-15 02:19:44.266 [JavaFX Application Thread] INFO  pt.shop.management.ui.login.LoginController - Sess√£o iniciada com sucesso com o utilizador: admin
2020-10-15 02:21:15.760 [JavaFX Application Thread] INFO  pt.shop.management.exceptions.ExceptionUtil - 2: No such file
2020-10-15 02:21:15.762 [JavaFX Application Thread] INFO  pt.shop.management.exceptions.ExceptionUtil - 	at com.jcraft.jsch.ChannelSftp.throwStatusError(ChannelSftp.java:2873)
2020-10-15 02:21:15.763 [JavaFX Application Thread] INFO  pt.shop.management.exceptions.ExceptionUtil - 	at com.jcraft.jsch.ChannelSftp._stat(ChannelSftp.java:2225)
2020-10-15 02:21:15.764 [JavaFX Application Thread] INFO  pt.shop.management.exceptions.ExceptionUtil - 	at com.jcraft.jsch.ChannelSftp._stat(ChannelSftp.java:2242)
2020-10-15 02:21:15.766 [JavaFX Application Thread] INFO  pt.shop.management.exceptions.ExceptionUtil - 	at com.jcraft.jsch.ChannelSftp.get(ChannelSftp.java:928)
2020-10-15 02:21:15.767 [JavaFX Application Thread] INFO  pt.shop.management.exceptions.ExceptionUtil - 	at com.jcraft.jsch.ChannelSftp.get(ChannelSftp.java:888)
2020-10-15 02:21:15.770 [JavaFX Application Thread] INFO  pt.shop.management.exceptions.ExceptionUtil - 	at pt.shop.management.data.files.FileHandler.downloadFile(FileHandler.java:90)
2020-10-15 02:21:15.773 [JavaFX Application Thread] INFO  pt.shop.management.exceptions.ExceptionUtil - 	at pt.shop.management.ui.details.customer.CustomerDetailsController.getCustomerNotes(CustomerDetailsController.java:198)
2020-10-15 02:21:15.779 [JavaFX Application Thread] INFO  pt.shop.management.exceptions.ExceptionUtil - 	at pt.shop.management.ui.details.customer.CustomerDetailsController.loadData(CustomerDetailsController.java:154)
2020-10-15 02:21:15.781 [JavaFX Application Thread] INFO  pt.shop.management.exceptions.ExceptionUtil - 	at pt.shop.management.ui.details.customer.CustomerDetailsController.initialize(CustomerDetailsController.java:94)
2020-10-15 02:21:15.782 [JavaFX Application Thread] INFO  pt.shop.management.exceptions.ExceptionUtil - 	at javafx.fxml.FXMLLoader.loadImpl(FXMLLoader.java:2573)
2020-10-15 02:21:15.784 [JavaFX Application Thread] INFO  pt.shop.management.exceptions.ExceptionUtil - 	at javafx.fxml.FXMLLoader.loadImpl(FXMLLoader.java:2466)
2020-10-15 02:21:15.785 [JavaFX Application Thread] INFO  pt.shop.management.exceptions.ExceptionUtil - 	at javafx.fxml.FXMLLoader.load(FXMLLoader.java:2435)
2020-10-15 02:21:15.787 [JavaFX Application Thread] INFO  pt.shop.management.exceptions.ExceptionUtil - 	at pt.shop.management.ui.list.customer.CustomerListController.showCustomerDetails(CustomerListController.java:143)
2020-10-15 02:21:15.788 [JavaFX Application Thread] INFO  pt.shop.management.exceptions.ExceptionUtil - 	at pt.shop.management.ui.list.customer.CustomerListController$1$1.lambda$new$0(CustomerListController.java:105)
2020-10-15 02:21:15.790 [JavaFX Application Thread] INFO  pt.shop.management.exceptions.ExceptionUtil - 	at com.sun.javafx.event.CompositeEventHandler.dispatchBubblingEvent(CompositeEventHandler.java:86)
2020-10-15 02:21:15.795 [JavaFX Application Thread] INFO  pt.shop.management.exceptions.ExceptionUtil - 	at com.sun.javafx.event.EventHandlerManager.dispatchBubblingEvent(EventHandlerManager.java:238)
2020-10-15 02:21:15.796 [JavaFX Application Thread] INFO  pt.shop.management.exceptions.ExceptionUtil - 	at com.sun.javafx.event.EventHandlerManager.dispatchBubblingEvent(EventHandlerManager.java:191)
2020-10-15 02:21:15.798 [JavaFX Application Thread] INFO  pt.shop.management.exceptions.ExceptionUtil - 	at com.sun.javafx.event.CompositeEventDispatcher.dispatchBubblingEvent(CompositeEventDispatcher.java:59)
2020-10-15 02:21:15.800 [JavaFX Application Thread] INFO  pt.shop.management.exceptions.ExceptionUtil - 	at com.sun.javafx.event.BasicEventDispatcher.dispatchEvent(BasicEventDispatcher.java:58)
2020-10-15 02:21:15.801 [JavaFX Application Thread] INFO  pt.shop.management.exceptions.ExceptionUtil - 	at com.sun.javafx.event.EventDispatchChainImpl.dispatchEvent(EventDispatchChainImpl.java:114)
2020-10-15 02:21:15.802 [JavaFX Application Thread] INFO  pt.shop.management.exceptions.ExceptionUtil - 	at com.sun.javafx.event.BasicEventDispatcher.dispatchEvent(BasicEventDispatcher.java:56)
2020-10-15 02:21:15.804 [JavaFX Application Thread] INFO  pt.shop.management.exceptions.ExceptionUtil - 	at com.sun.javafx.event.EventDispatchChainImpl.dispatchEvent(EventDispatchChainImpl.java:114)
2020-10-15 02:21:15.807 [JavaFX Application Thread] INFO  pt.shop.management.exceptions.ExceptionUtil - 	at com.sun.javafx.event.BasicEventDispatcher.dispatchEvent(BasicEventDispatcher.java:56)
2020-10-15 02:21:15.808 [JavaFX Application Thread] INFO  pt.shop.management.exceptions.ExceptionUtil - 	at com.sun.javafx.event.EventDispatchChainImpl.dispatchEvent(EventDispatchChainImpl.java:114)
2020-10-15 02:21:15.809 [JavaFX Application Thread] INFO  pt.shop.management.exceptions.ExceptionUtil - 	at com.sun.javafx.event.BasicEventDispatcher.dispatchEvent(BasicEventDispatcher.java:56)
2020-10-15 02:21:15.810 [JavaFX Application Thread] INFO  pt.shop.management.exceptions.ExceptionUtil - 	at com.sun.javafx.event.EventDispatchChainImpl.dispatchEvent(EventDispatchChainImpl.java:114)
2020-10-15 02:21:15.811 [JavaFX Application Thread] INFO  pt.shop.management.exceptions.ExceptionUtil - 	at com.sun.javafx.event.BasicEventDispatcher.dispatchEvent(BasicEventDispatcher.java:56)
2020-10-15 02:21:15.813 [JavaFX Application Thread] INFO  pt.shop.management.exceptions.ExceptionUtil - 	at com.sun.javafx.event.EventDispatchChainImpl.dispatchEvent(EventDispatchChainImpl.java:114)
2020-10-15 02:21:15.814 [JavaFX Application Thread] INFO  pt.shop.management.exceptions.ExceptionUtil - 	at com.sun.javafx.event.BasicEventDispatcher.dispatchEvent(BasicEventDispatcher.java:56)
2020-10-15 02:21:15.815 [JavaFX Application Thread] INFO  pt.shop.management.exceptions.ExceptionUtil - 	at com.sun.javafx.event.EventDispatchChainImpl.dispatchEvent(EventDispatchChainImpl.java:114)
2020-10-15 02:21:15.816 [JavaFX Application Thread] INFO  pt.shop.management.exceptions.ExceptionUtil - 	at com.sun.javafx.event.BasicEventDispatcher.dispatchEvent(BasicEventDispatcher.java:56)
2020-10-15 02:21:15.816 [JavaFX Application Thread] INFO  pt.shop.management.exceptions.ExceptionUtil - 	at com.sun.javafx.event.EventDispatchChainImpl.dispatchEvent(EventDispatchChainImpl.java:114)
2020-10-15 02:21:15.817 [JavaFX Application Thread] INFO  pt.shop.management.exceptions.ExceptionUtil - 	at com.sun.javafx.event.EventUtil.fireEventImpl(EventUtil.java:74)
2020-10-15 02:21:15.818 [JavaFX Application Thread] INFO  pt.shop.management.exceptions.ExceptionUtil - 	at com.sun.javafx.event.EventUtil.fireEvent(EventUtil.java:49)
2020-10-15 02:21:15.818 [JavaFX Application Thread] INFO  pt.shop.management.exceptions.ExceptionUtil - 	at javafx.event.Event.fireEvent(Event.java:198)
2020-10-15 02:21:15.819 [JavaFX Application Thread] INFO  pt.shop.management.exceptions.ExceptionUtil - 	at javafx.scene.Node.fireEvent(Node.java:8879)
2020-10-15 02:21:15.824 [JavaFX Application Thread] INFO  pt.shop.management.exceptions.ExceptionUtil - 	at javafx.scene.control.Button.fire(Button.java:200)
2020-10-15 02:21:15.824 [JavaFX Application Thread] INFO  pt.shop.management.exceptions.ExceptionUtil - 	at com.sun.javafx.scene.control.behavior.ButtonBehavior.mouseReleased(ButtonBehavior.java:206)
2020-10-15 02:21:15.825 [JavaFX Application Thread] INFO  pt.shop.management.exceptions.ExceptionUtil - 	at com.sun.javafx.scene.control.inputmap.InputMap.handle(InputMap.java:274)
2020-10-15 02:21:15.826 [JavaFX Application Thread] INFO  pt.shop.management.exceptions.ExceptionUtil - 	at com.sun.javafx.event.CompositeEventHandler$NormalEventHandlerRecord.handleBubblingEvent(CompositeEventHandler.java:218)
2020-10-15 02:21:15.827 [JavaFX Application Thread] INFO  pt.shop.management.exceptions.ExceptionUtil - 	at com.sun.javafx.event.CompositeEventHandler.dispatchBubblingEvent(CompositeEventHandler.java:80)
2020-10-15 02:21:15.828 [JavaFX Application Thread] INFO  pt.shop.management.exceptions.ExceptionUtil - 	at com.sun.javafx.event.EventHandlerManager.dispatchBubblingEvent(EventHandlerManager.java:238)
2020-10-15 02:21:15.830 [JavaFX Application Thread] INFO  pt.shop.management.exceptions.ExceptionUtil - 	at com.sun.javafx.event.EventHandlerManager.dispatchBubblingEvent(EventHandlerManager.java:191)
2020-10-15 02:21:15.831 [JavaFX Application Thread] INFO  pt.shop.management.exceptions.ExceptionUtil - 	at com.sun.javafx.event.CompositeEventDispatcher.dispatchBubblingEvent(CompositeEventDispatcher.java:59)
2020-10-15 02:21:15.832 [JavaFX Application Thread] INFO  pt.shop.management.exceptions.ExceptionUtil - 	at com.sun.javafx.event.BasicEventDispatcher.dispatchEvent(BasicEventDispatcher.java:58)
2020-10-15 02:21:15.832 [JavaFX Application Thread] INFO  pt.shop.management.exceptions.ExceptionUtil - 	at com.sun.javafx.event.EventDispatchChainImpl.dispatchEvent(EventDispatchChainImpl.java:114)
2020-10-15 02:21:15.833 [JavaFX Application Thread] INFO  pt.shop.management.exceptions.ExceptionUtil - 	at com.sun.javafx.event.BasicEventDispatcher.dispatchEvent(BasicEventDispatcher.java:56)
2020-10-15 02:21:15.834 [JavaFX Application Thread] INFO  pt.shop.management.exceptions.ExceptionUtil - 	at com.sun.javafx.event.EventDispatchChainImpl.dispatchEvent(EventDispatchChainImpl.java:114)
2020-10-15 02:21:15.835 [JavaFX Application Thread] INFO  pt.shop.management.exceptions.ExceptionUtil - 	at com.sun.javafx.event.BasicEventDispatcher.dispatchEvent(BasicEventDispatcher.java:56)
2020-10-15 02:21:15.836 [JavaFX Application Thread] INFO  pt.shop.management.exceptions.ExceptionUtil - 	at com.sun.javafx.event.EventDispatchChainImpl.dispatchEvent(EventDispatchChainImpl.java:114)
2020-10-15 02:21:15.839 [JavaFX Application Thread] INFO  pt.shop.management.exceptions.ExceptionUtil - 	at com.sun.javafx.event.BasicEventDispatcher.dispatchEvent(BasicEventDispatcher.java:56)
2020-10-15 02:21:15.840 [JavaFX Application Thread] INFO  pt.shop.management.exceptions.ExceptionUtil - 	at com.sun.javafx.event.EventDispatchChainImpl.dispatchEvent(EventDispatchChainImpl.java:114)
2020-10-15 02:21:15.841 [JavaFX Application Thread] INFO  pt.shop.management.exceptions.ExceptionUtil - 	at com.sun.javafx.event.BasicEventDispatcher.dispatchEvent(BasicEventDispatcher.java:56)
2020-10-15 02:21:15.842 [JavaFX Application Thread] INFO  pt.shop.management.exceptions.ExceptionUtil - 	at com.sun.javafx.event.EventDispatchChainImpl.dispatchEvent(EventDispatchChainImpl.java:114)
2020-10-15 02:21:15.843 [JavaFX Application Thread] INFO  pt.shop.management.exceptions.ExceptionUtil - 	at com.sun.javafx.event.BasicEventDispatcher.dispatchEvent(BasicEventDispatcher.java:56)
2020-10-15 02:21:15.843 [JavaFX Application Thread] INFO  pt.shop.management.exceptions.ExceptionUtil - 	at com.sun.javafx.event.EventDispatchChainImpl.dispatchEvent(EventDispatchChainImpl.java:114)
2020-10-15 02:21:15.844 [JavaFX Application Thread] INFO  pt.shop.management.exceptions.ExceptionUtil - 	at com.sun.javafx.event.BasicEventDispatcher.dispatchEvent(BasicEventDispatcher.java:56)
2020-10-15 02:21:15.846 [JavaFX Application Thread] INFO  pt.shop.management.exceptions.ExceptionUtil - 	at com.sun.javafx.event.EventDispatchChainImpl.dispatchEvent(EventDispatchChainImpl.java:114)
2020-10-15 02:21:15.847 [JavaFX Application Thread] INFO  pt.shop.management.exceptions.ExceptionUtil - 	at com.sun.javafx.event.EventUtil.fireEventImpl(EventUtil.java:74)
2020-10-15 02:21:15.848 [JavaFX Application Thread] INFO  pt.shop.management.exceptions.ExceptionUtil - 	at com.sun.javafx.event.EventUtil.fireEvent(EventUtil.java:54)
2020-10-15 02:21:15.848 [JavaFX Application Thread] INFO  pt.shop.management.exceptions.ExceptionUtil - 	at javafx.event.Event.fireEvent(Event.java:198)
2020-10-15 02:21:15.849 [JavaFX Application Thread] INFO  pt.shop.management.exceptions.ExceptionUtil - 	at javafx.scene.Scene$MouseHandler.process(Scene.java:3851)
2020-10-15 02:21:15.850 [JavaFX Application Thread] INFO  pt.shop.management.exceptions.ExceptionUtil - 	at javafx.scene.Scene$MouseHandler.access$1200(Scene.java:3579)
2020-10-15 02:21:15.851 [JavaFX Application Thread] INFO  pt.shop.management.exceptions.ExceptionUtil - 	at javafx.scene.Scene.processMouseEvent(Scene.java:1849)
2020-10-15 02:21:15.851 [JavaFX Application Thread] INFO  pt.shop.management.exceptions.ExceptionUtil - 	at javafx.scene.Scene$ScenePeerListener.mouseEvent(Scene.java:2588)
2020-10-15 02:21:15.854 [JavaFX Application Thread] INFO  pt.shop.management.exceptions.ExceptionUtil - 	at com.sun.javafx.tk.quantum.GlassViewEventHandler$MouseEventNotification.run(GlassViewEventHandler.java:397)
2020-10-15 02:21:15.855 [JavaFX Application Thread] INFO  pt.shop.management.exceptions.ExceptionUtil - 	at com.sun.javafx.tk.quantum.GlassViewEventHandler$MouseEventNotification.run(GlassViewEventHandler.java:295)
2020-10-15 02:21:15.856 [JavaFX Application Thread] INFO  pt.shop.management.exceptions.ExceptionUtil - 	at java.base/java.security.AccessController.doPrivileged(Native Method)
2020-10-15 02:21:15.857 [JavaFX Application Thread] INFO  pt.shop.management.exceptions.ExceptionUtil - 	at com.sun.javafx.tk.quantum.GlassViewEventHandler.lambda$handleMouseEvent$2(GlassViewEventHandler.java:434)
2020-10-15 02:21:15.857 [JavaFX Application Thread] INFO  pt.shop.management.exceptions.ExceptionUtil - 	at com.sun.javafx.tk.quantum.QuantumToolkit.runWithoutRenderLock(QuantumToolkit.java:390)
2020-10-15 02:21:15.858 [JavaFX Application Thread] INFO  pt.shop.management.exceptions.ExceptionUtil - 	at com.sun.javafx.tk.quantum.GlassViewEventHandler.handleMouseEvent(GlassViewEventHandler.java:433)
2020-10-15 02:21:15.860 [JavaFX Application Thread] INFO  pt.shop.management.exceptions.ExceptionUtil - 	at com.sun.glass.ui.View.handleMouseEvent(View.java:556)
2020-10-15 02:21:15.861 [JavaFX Application Thread] INFO  pt.shop.management.exceptions.ExceptionUtil - 	at com.sun.glass.ui.View.notifyMouse(View.java:942)
2020-10-15 02:21:15.861 [JavaFX Application Thread] INFO  pt.shop.management.exceptions.ExceptionUtil - 	at com.sun.glass.ui.win.WinApplication._runLoop(Native Method)
2020-10-15 02:21:15.862 [JavaFX Application Thread] INFO  pt.shop.management.exceptions.ExceptionUtil - 	at com.sun.glass.ui.win.WinApplication.lambda$runLoop$3(WinApplication.java:174)
2020-10-15 02:21:15.863 [JavaFX Application Thread] INFO  pt.shop.management.exceptions.ExceptionUtil - 	at java.base/java.lang.Thread.run(Thread.java:834)
2020-10-15 02:21:15.864 [JavaFX Application Thread] ERROR pt.shop.management.data.files.FileHandler - SFTP Error: No such file
2020-10-15 02:21:15.865 [JavaFX Application Thread] INFO  pt.shop.management.exceptions.ExceptionUtil - java.nio.file.NoSuchFileException: downloads\13.json
2020-10-15 02:21:15.866 [JavaFX Application Thread] INFO  pt.shop.management.exceptions.ExceptionUtil - 	at java.base/sun.nio.fs.WindowsException.translateToIOException(WindowsException.java:85)
2020-10-15 02:21:15.866 [JavaFX Application Thread] INFO  pt.shop.management.exceptions.ExceptionUtil - 	at java.base/sun.nio.fs.WindowsException.rethrowAsIOException(WindowsException.java:103)
2020-10-15 02:21:15.869 [JavaFX Application Thread] INFO  pt.shop.management.exceptions.ExceptionUtil - 	at java.base/sun.nio.fs.WindowsException.rethrowAsIOException(WindowsException.java:108)
2020-10-15 02:21:15.870 [JavaFX Application Thread] INFO  pt.shop.management.exceptions.ExceptionUtil - 	at java.base/sun.nio.fs.WindowsFileSystemProvider.newByteChannel(WindowsFileSystemProvider.java:235)
2020-10-15 02:21:15.871 [JavaFX Application Thread] INFO  pt.shop.management.exceptions.ExceptionUtil - 	at java.base/java.nio.file.Files.newByteChannel(Files.java:370)
2020-10-15 02:21:15.872 [JavaFX Application Thread] INFO  pt.shop.management.exceptions.ExceptionUtil - 	at java.base/java.nio.file.Files.newByteChannel(Files.java:421)
2020-10-15 02:21:15.873 [JavaFX Application Thread] INFO  pt.shop.management.exceptions.ExceptionUtil - 	at java.base/java.nio.file.spi.FileSystemProvider.newInputStream(FileSystemProvider.java:420)
2020-10-15 02:21:15.874 [JavaFX Application Thread] INFO  pt.shop.management.exceptions.ExceptionUtil - 	at java.base/java.nio.file.Files.newInputStream(Files.java:155)
2020-10-15 02:21:15.875 [JavaFX Application Thread] INFO  pt.shop.management.exceptions.ExceptionUtil - 	at java.base/java.nio.file.Files.newBufferedReader(Files.java:2838)
2020-10-15 02:21:15.876 [JavaFX Application Thread] INFO  pt.shop.management.exceptions.ExceptionUtil - 	at pt.shop.management.ui.details.customer.CustomerDetailsController.parseJSON(CustomerDetailsController.java:167)
2020-10-15 02:21:15.877 [JavaFX Application Thread] INFO  pt.shop.management.exceptions.ExceptionUtil - 	at pt.shop.management.ui.details.customer.CustomerDetailsController.getCustomerNotes(CustomerDetailsController.java:201)
2020-10-15 02:21:15.877 [JavaFX Application Thread] INFO  pt.shop.management.exceptions.ExceptionUtil - 	at pt.shop.management.ui.details.customer.CustomerDetailsController.loadData(CustomerDetailsController.java:154)
2020-10-15 02:21:15.878 [JavaFX Application Thread] INFO  pt.shop.management.exceptions.ExceptionUtil - 	at pt.shop.management.ui.details.customer.CustomerDetailsController.initialize(CustomerDetailsController.java:94)
2020-10-15 02:21:15.879 [JavaFX Application Thread] INFO  pt.shop.management.exceptions.ExceptionUtil - 	at javafx.fxml.FXMLLoader.loadImpl(FXMLLoader.java:2573)
2020-10-15 02:21:15.880 [JavaFX Application Thread] INFO  pt.shop.management.exceptions.ExceptionUtil - 	at javafx.fxml.FXMLLoader.loadImpl(FXMLLoader.java:2466)
2020-10-15 02:21:15.881 [JavaFX Application Thread] INFO  pt.shop.management.exceptions.ExceptionUtil - 	at javafx.fxml.FXMLLoader.load(FXMLLoader.java:2435)
2020-10-15 02:21:15.881 [JavaFX Application Thread] INFO  pt.shop.management.exceptions.ExceptionUtil - 	at pt.shop.management.ui.list.customer.CustomerListController.showCustomerDetails(CustomerListController.java:143)
2020-10-15 02:21:15.884 [JavaFX Application Thread] INFO  pt.shop.management.exceptions.ExceptionUtil - 	at pt.shop.management.ui.list.customer.CustomerListController$1$1.lambda$new$0(CustomerListController.java:105)
2020-10-15 02:21:15.885 [JavaFX Application Thread] INFO  pt.shop.management.exceptions.ExceptionUtil - 	at com.sun.javafx.event.CompositeEventHandler.dispatchBubblingEvent(CompositeEventHandler.java:86)
2020-10-15 02:21:15.886 [JavaFX Application Thread] INFO  pt.shop.management.exceptions.ExceptionUtil - 	at com.sun.javafx.event.EventHandlerManager.dispatchBubblingEvent(EventHandlerManager.java:238)
2020-10-15 02:21:15.888 [JavaFX Application Thread] INFO  pt.shop.management.exceptions.ExceptionUtil - 	at com.sun.javafx.event.EventHandlerManager.dispatchBubblingEvent(EventHandlerManager.java:191)
2020-10-15 02:21:15.888 [JavaFX Application Thread] INFO  pt.shop.management.exceptions.ExceptionUtil - 	at com.sun.javafx.event.CompositeEventDispatcher.dispatchBubblingEvent(CompositeEventDispatcher.java:59)
2020-10-15 02:21:15.889 [JavaFX Application Thread] INFO  pt.shop.management.exceptions.ExceptionUtil - 	at com.sun.javafx.event.BasicEventDispatcher.dispatchEvent(BasicEventDispatcher.java:58)
2020-10-15 02:21:15.890 [JavaFX Application Thread] INFO  pt.shop.management.exceptions.ExceptionUtil - 	at com.sun.javafx.event.EventDispatchChainImpl.dispatchEvent(EventDispatchChainImpl.java:114)
2020-10-15 02:21:15.891 [JavaFX Application Thread] INFO  pt.shop.management.exceptions.ExceptionUtil - 	at com.sun.javafx.event.BasicEventDispatcher.dispatchEvent(BasicEventDispatcher.java:56)
2020-10-15 02:21:15.892 [JavaFX Application Thread] INFO  pt.shop.management.exceptions.ExceptionUtil - 	at com.sun.javafx.event.EventDispatchChainImpl.dispatchEvent(EventDispatchChainImpl.java:114)
2020-10-15 02:21:15.892 [JavaFX Application Thread] INFO  pt.shop.management.exceptions.ExceptionUtil - 	at com.sun.javafx.event.BasicEventDispatcher.dispatchEvent(BasicEventDispatcher.java:56)
2020-10-15 02:21:15.893 [JavaFX Application Thread] INFO  pt.shop.management.exceptions.ExceptionUtil - 	at com.sun.javafx.event.EventDispatchChainImpl.dispatchEvent(EventDispatchChainImpl.java:114)
2020-10-15 02:21:15.894 [JavaFX Application Thread] INFO  pt.shop.management.exceptions.ExceptionUtil - 	at com.sun.javafx.event.BasicEventDispatcher.dispatchEvent(BasicEventDispatcher.java:56)
2020-10-15 02:21:15.895 [JavaFX Application Thread] INFO  pt.shop.management.exceptions.ExceptionUtil - 	at com.sun.javafx.event.EventDispatchChainImpl.dispatchEvent(EventDispatchChainImpl.java:114)
2020-10-15 02:21:15.896 [JavaFX Application Thread] INFO  pt.shop.management.exceptions.ExceptionUtil - 	at com.sun.javafx.event.BasicEventDispatcher.dispatchEvent(BasicEventDispatcher.java:56)
2020-10-15 02:21:15.897 [JavaFX Application Thread] INFO  pt.shop.management.exceptions.ExceptionUtil - 	at com.sun.javafx.event.EventDispatchChainImpl.dispatchEvent(EventDispatchChainImpl.java:114)
2020-10-15 02:21:15.900 [JavaFX Application Thread] INFO  pt.shop.management.exceptions.ExceptionUtil - 	at com.sun.javafx.event.BasicEventDispatcher.dispatchEvent(BasicEventDispatcher.java:56)
2020-10-15 02:21:15.900 [JavaFX Application Thread] INFO  pt.shop.management.exceptions.ExceptionUtil - 	at com.sun.javafx.event.EventDispatchChainImpl.dispatchEvent(EventDispatchChainImpl.java:114)
2020-10-15 02:21:15.902 [JavaFX Application Thread] INFO  pt.shop.management.exceptions.ExceptionUtil - 	at com.sun.javafx.event.BasicEventDispatcher.dispatchEvent(BasicEventDispatcher.java:56)
2020-10-15 02:21:15.903 [JavaFX Application Thread] INFO  pt.shop.management.exceptions.ExceptionUtil - 	at com.sun.javafx.event.EventDispatchChainImpl.dispatchEvent(EventDispatchChainImpl.java:114)
2020-10-15 02:21:15.903 [JavaFX Application Thread] INFO  pt.shop.management.exceptions.ExceptionUtil - 	at com.sun.javafx.event.EventUtil.fireEventImpl(EventUtil.java:74)
2020-10-15 02:21:15.904 [JavaFX Application Thread] INFO  pt.shop.management.exceptions.ExceptionUtil - 	at com.sun.javafx.event.EventUtil.fireEvent(EventUtil.java:49)
2020-10-15 02:21:15.905 [JavaFX Application Thread] INFO  pt.shop.management.exceptions.ExceptionUtil - 	at javafx.event.Event.fireEvent(Event.java:198)
2020-10-15 02:21:15.906 [JavaFX Application Thread] INFO  pt.shop.management.exceptions.ExceptionUtil - 	at javafx.scene.Node.fireEvent(Node.java:8879)
2020-10-15 02:21:15.907 [JavaFX Application Thread] INFO  pt.shop.management.exceptions.ExceptionUtil - 	at javafx.scene.control.Button.fire(Button.java:200)
2020-10-15 02:21:15.908 [JavaFX Application Thread] INFO  pt.shop.management.exceptions.ExceptionUtil - 	at com.sun.javafx.scene.control.behavior.ButtonBehavior.mouseReleased(ButtonBehavior.java:206)
2020-10-15 02:21:15.908 [JavaFX Application Thread] INFO  pt.shop.management.exceptions.ExceptionUtil - 	at com.sun.javafx.scene.control.inputmap.InputMap.handle(InputMap.java:274)
2020-10-15 02:21:15.909 [JavaFX Application Thread] INFO  pt.shop.management.exceptions.ExceptionUtil - 	at com.sun.javafx.event.CompositeEventHandler$NormalEventHandlerRecord.handleBubblingEvent(CompositeEventHandler.java:218)
2020-10-15 02:21:15.910 [JavaFX Application Thread] INFO  pt.shop.management.exceptions.ExceptionUtil - 	at com.sun.javafx.event.CompositeEventHandler.dispatchBubblingEvent(CompositeEventHandler.java:80)
2020-10-15 02:21:15.912 [JavaFX Application Thread] INFO  pt.shop.management.exceptions.ExceptionUtil - 	at com.sun.javafx.event.EventHandlerManager.dispatchBubblingEvent(EventHandlerManager.java:238)
2020-10-15 02:21:15.915 [JavaFX Application Thread] INFO  pt.shop.management.exceptions.ExceptionUtil - 	at com.sun.javafx.event.EventHandlerManager.dispatchBubblingEvent(EventHandlerManager.java:191)
2020-10-15 02:21:15.916 [JavaFX Application Thread] INFO  pt.shop.management.exceptions.ExceptionUtil - 	at com.sun.javafx.event.CompositeEventDispatcher.dispatchBubblingEvent(CompositeEventDispatcher.java:59)
2020-10-15 02:21:15.917 [JavaFX Application Thread] INFO  pt.shop.management.exceptions.ExceptionUtil - 	at com.sun.javafx.event.BasicEventDispatcher.dispatchEvent(BasicEventDispatcher.java:58)
2020-10-15 02:21:15.918 [JavaFX Application Thread] INFO  pt.shop.management.exceptions.ExceptionUtil - 	at com.sun.javafx.event.EventDispatchChainImpl.dispatchEvent(EventDispatchChainImpl.java:114)
2020-10-15 02:21:15.919 [JavaFX Application Thread] INFO  pt.shop.management.exceptions.ExceptionUtil - 	at com.sun.javafx.event.BasicEventDispatcher.dispatchEvent(BasicEventDispatcher.java:56)
2020-10-15 02:21:15.920 [JavaFX Application Thread] INFO  pt.shop.management.exceptions.ExceptionUtil - 	at com.sun.javafx.event.EventDispatchChainImpl.dispatchEvent(EventDispatchChainImpl.java:114)
2020-10-15 02:21:15.920 [JavaFX Application Thread] INFO  pt.shop.management.exceptions.ExceptionUtil - 	at com.sun.javafx.event.BasicEventDispatcher.dispatchEvent(BasicEventDispatcher.java:56)
2020-10-15 02:21:15.921 [JavaFX Application Thread] INFO  pt.shop.management.exceptions.ExceptionUtil - 	at com.sun.javafx.event.EventDispatchChainImpl.dispatchEvent(EventDispatchChainImpl.java:114)
2020-10-15 02:21:15.922 [JavaFX Application Thread] INFO  pt.shop.management.exceptions.ExceptionUtil - 	at com.sun.javafx.event.BasicEventDispatcher.dispatchEvent(BasicEventDispatcher.java:56)
2020-10-15 02:21:15.923 [JavaFX Application Thread] INFO  pt.shop.management.exceptions.ExceptionUtil - 	at com.sun.javafx.event.EventDispatchChainImpl.dispatchEvent(EventDispatchChainImpl.java:114)
2020-10-15 02:21:15.924 [JavaFX Application Thread] INFO  pt.shop.management.exceptions.ExceptionUtil - 	at com.sun.javafx.event.BasicEventDispatcher.dispatchEvent(BasicEventDispatcher.java:56)
2020-10-15 02:21:15.924 [JavaFX Application Thread] INFO  pt.shop.management.exceptions.ExceptionUtil - 	at com.sun.javafx.event.EventDispatchChainImpl.dispatchEvent(EventDispatchChainImpl.java:114)
2020-10-15 02:21:15.925 [JavaFX Application Thread] INFO  pt.shop.management.exceptions.ExceptionUtil - 	at com.sun.javafx.event.BasicEventDispatcher.dispatchEvent(BasicEventDispatcher.java:56)
2020-10-15 02:21:15.926 [JavaFX Application Thread] INFO  pt.shop.management.exceptions.ExceptionUtil - 	at com.sun.javafx.event.EventDispatchChainImpl.dispatchEvent(EventDispatchChainImpl.java:114)
2020-10-15 02:21:15.927 [JavaFX Application Thread] INFO  pt.shop.management.exceptions.ExceptionUtil - 	at com.sun.javafx.event.BasicEventDispatcher.dispatchEvent(BasicEventDispatcher.java:56)
2020-10-15 02:21:15.928 [JavaFX Application Thread] INFO  pt.shop.management.exceptions.ExceptionUtil - 	at com.sun.javafx.event.EventDispatchChainImpl.dispatchEvent(EventDispatchChainImpl.java:114)
2020-10-15 02:21:15.929 [JavaFX Application Thread] INFO  pt.shop.management.exceptions.ExceptionUtil - 	at com.sun.javafx.event.EventUtil.fireEventImpl(EventUtil.java:74)
2020-10-15 02:21:15.932 [JavaFX Application Thread] INFO  pt.shop.management.exceptions.ExceptionUtil - 	at com.sun.javafx.event.EventUtil.fireEvent(EventUtil.java:54)
2020-10-15 02:21:15.933 [JavaFX Application Thread] INFO  pt.shop.management.exceptions.ExceptionUtil - 	at javafx.event.Event.fireEvent(Event.java:198)
2020-10-15 02:21:15.934 [JavaFX Application Thread] INFO  pt.shop.management.exceptions.ExceptionUtil - 	at javafx.scene.Scene$MouseHandler.process(Scene.java:3851)
2020-10-15 02:21:15.935 [JavaFX Application Thread] INFO  pt.shop.management.exceptions.ExceptionUtil - 	at javafx.scene.Scene$MouseHandler.access$1200(Scene.java:3579)
2020-10-15 02:21:15.935 [JavaFX Application Thread] INFO  pt.shop.management.exceptions.ExceptionUtil - 	at javafx.scene.Scene.processMouseEvent(Scene.java:1849)
2020-10-15 02:21:15.936 [JavaFX Application Thread] INFO  pt.shop.management.exceptions.ExceptionUtil - 	at javafx.scene.Scene$ScenePeerListener.mouseEvent(Scene.java:2588)
2020-10-15 02:21:15.937 [JavaFX Application Thread] INFO  pt.shop.management.exceptions.ExceptionUtil - 	at com.sun.javafx.tk.quantum.GlassViewEventHandler$MouseEventNotification.run(GlassViewEventHandler.java:397)
2020-10-15 02:21:15.938 [JavaFX Application Thread] INFO  pt.shop.management.exceptions.ExceptionUtil - 	at com.sun.javafx.tk.quantum.GlassViewEventHandler$MouseEventNotification.run(GlassViewEventHandler.java:295)
2020-10-15 02:21:15.938 [JavaFX Application Thread] INFO  pt.shop.management.exceptions.ExceptionUtil - 	at java.base/java.security.AccessController.doPrivileged(Native Method)
2020-10-15 02:21:15.939 [JavaFX Application Thread] INFO  pt.shop.management.exceptions.ExceptionUtil - 	at com.sun.javafx.tk.quantum.GlassViewEventHandler.lambda$handleMouseEvent$2(GlassViewEventHandler.java:434)
2020-10-15 02:21:15.940 [JavaFX Application Thread] INFO  pt.shop.management.exceptions.ExceptionUtil - 	at com.sun.javafx.tk.quantum.QuantumToolkit.runWithoutRenderLock(QuantumToolkit.java:390)
2020-10-15 02:21:15.941 [JavaFX Application Thread] INFO  pt.shop.management.exceptions.ExceptionUtil - 	at com.sun.javafx.tk.quantum.GlassViewEventHandler.handleMouseEvent(GlassViewEventHandler.java:433)
2020-10-15 02:21:15.941 [JavaFX Application Thread] INFO  pt.shop.management.exceptions.ExceptionUtil - 	at com.sun.glass.ui.View.handleMouseEvent(View.java:556)
2020-10-15 02:21:15.942 [JavaFX Application Thread] INFO  pt.shop.management.exceptions.ExceptionUtil - 	at com.sun.glass.ui.View.notifyMouse(View.java:942)
2020-10-15 02:21:15.943 [JavaFX Application Thread] INFO  pt.shop.management.exceptions.ExceptionUtil - 	at com.sun.glass.ui.win.WinApplication._runLoop(Native Method)
2020-10-15 02:21:15.943 [JavaFX Application Thread] INFO  pt.shop.management.exceptions.ExceptionUtil - 	at com.sun.glass.ui.win.WinApplication.lambda$runLoop$3(WinApplication.java:174)
2020-10-15 02:21:15.944 [JavaFX Application Thread] INFO  pt.shop.management.exceptions.ExceptionUtil - 	at java.base/java.lang.Thread.run(Thread.java:834)
2020-10-15 02:48:59.368 [main] INFO  pt.shop.management.ui.main.Main - Sistema de Gest√£o de Loja iniciado √†s 15-10-2020 02:48:59 da manh„
2020-10-15 02:49:03.902 [JavaFX Application Thread] INFO  pt.shop.management.ui.login.LoginController - Sess√£o iniciada com sucesso com o utilizador: admin
2020-10-15 02:49:16.285 [Thread-5] INFO  pt.shop.management.ui.main.Main - Sistema de Gest√£o de Loja fechado √†s 15-10-2020 02:48:59 da manh„. Usado por 1602726556285 ms
2020-10-15 02:49:18.965 [main] INFO  pt.shop.management.ui.main.Main - Sistema de Gest√£o de Loja iniciado √†s 15-10-2020 02:49:18 da manh„
2020-10-15 02:49:22.424 [Thread-5] INFO  pt.shop.management.ui.main.Main - Sistema de Gest√£o de Loja fechado √†s 15-10-2020 02:49:18 da manh„. Usado por 1602726562424 ms
2020-10-15 02:49:28.367 [main] INFO  pt.shop.management.ui.main.Main - Sistema de Gest√£o de Loja iniciado √†s 15-10-2020 02:49:28 da manh„
2020-10-15 02:49:31.815 [JavaFX Application Thread] INFO  pt.shop.management.ui.login.LoginController - Sess√£o iniciada com sucesso com o utilizador: admin
2020-10-15 03:04:38.583 [Thread-6] INFO  pt.shop.management.ui.main.Main - Sistema de Gest√£o de Loja fechado √†s 15-10-2020 02:49:28 da manh„. Usado por 1602727478582 ms
